Using pre-set license
Built from '2022.1/staging' branch; Version is '2022.1.0b16 (098023fe5c31) revision 622627'; Using compiler version '192829333'; Build Type 'Release'
OS: 'Windows 11  (10.0.22000) 64bit Professional' Language: 'de' Physical Memory: 16301 MB
BatchMode: 1, IsHumanControllingUs: 0, StartBugReporterOnCrash: 0, Is64bit: 1, IsPro: 1

COMMAND LINE ARGUMENTS:
D:\Unity\Unity Hub\2022.1.0b16\Editor\Unity.exe
-adb2
-batchMode
-noUpm
-name
AssetImportWorker1
-projectPath
D:/Projects/Horrorgame-HDRP
-logFile
Logs/AssetImportWorker1.log
-srvPort
54510
Successfully changed project path to: D:/Projects/Horrorgame-HDRP
D:/Projects/Horrorgame-HDRP
[UnityMemory] Configuration Parameters - Can be set up in boot.config
    "memorysetup-bucket-allocator-granularity=16"
    "memorysetup-bucket-allocator-bucket-count=8"
    "memorysetup-bucket-allocator-block-size=33554432"
    "memorysetup-bucket-allocator-block-count=8"
    "memorysetup-main-allocator-block-size=16777216"
    "memorysetup-thread-allocator-block-size=16777216"
    "memorysetup-gfx-main-allocator-block-size=16777216"
    "memorysetup-gfx-thread-allocator-block-size=16777216"
    "memorysetup-cache-allocator-block-size=4194304"
    "memorysetup-typetree-allocator-block-size=2097152"
    "memorysetup-profiler-bucket-allocator-granularity=16"
    "memorysetup-profiler-bucket-allocator-bucket-count=8"
    "memorysetup-profiler-bucket-allocator-block-size=33554432"
    "memorysetup-profiler-bucket-allocator-block-count=8"
    "memorysetup-profiler-allocator-block-size=16777216"
    "memorysetup-profiler-editor-allocator-block-size=1048576"
    "memorysetup-temp-allocator-size-main=16777216"
    "memorysetup-job-temp-allocator-block-size=2097152"
    "memorysetup-job-temp-allocator-block-size-background=1048576"
    "memorysetup-job-temp-allocator-reduction-small-platforms=262144"
    "memorysetup-temp-allocator-size-background-worker=32768"
    "memorysetup-temp-allocator-size-job-worker=262144"
    "memorysetup-temp-allocator-size-preload-manager=33554432"
    "memorysetup-temp-allocator-size-nav-mesh-worker=65536"
    "memorysetup-temp-allocator-size-audio-worker=65536"
    "memorysetup-temp-allocator-size-cloud-worker=32768"
    "memorysetup-temp-allocator-size-gi-baking-worker=262144"
    "memorysetup-temp-allocator-size-gfx=262144"
Refreshing native plugins compatible for Editor in 583.74 ms, found 2 plugins.
Preloading 0 native plugins for Editor in 0.00 ms.
Initialize engine version: 2022.1.0b16 (098023fe5c31)
[Subsystems] Discovering subsystems at path D:/Unity/Unity Hub/2022.1.0b16/Editor/Data/Resources/UnitySubsystems
[Subsystems] Discovering subsystems at path D:/Projects/Horrorgame-HDRP/Assets
GfxDevice: creating device client; threaded=0; jobified=0
Direct3D:
    Version:  Direct3D 11.0 [level 11.1]
    Renderer: NVIDIA GeForce RTX 3070 (ID=0x2488)
    Vendor:   NVIDIA
    VRAM:     8043 MB
    Driver:   30.0.15.1215
Initialize mono
Mono path[0] = 'D:/Unity/Unity Hub/2022.1.0b16/Editor/Data/Managed'
Mono path[1] = 'D:/Unity/Unity Hub/2022.1.0b16/Editor/Data/MonoBleedingEdge/lib/mono/unityjit-win32'
Mono config path = 'D:/Unity/Unity Hub/2022.1.0b16/Editor/Data/MonoBleedingEdge/etc'
Using monoOptions --debugger-agent=transport=dt_socket,embedding=1,server=y,suspend=n,address=127.0.0.1:56760
Begin MonoManager ReloadAssembly
Registering precompiled unity dll's ...
Register platform support module: D:/Unity/Unity Hub/2022.1.0b16/Editor/Data/PlaybackEngines/WindowsStandaloneSupport/UnityEditor.WindowsStandalone.Extensions.dll
Registered in 0.004458 seconds.
Native extension for WindowsStandalone target not found
Refreshing native plugins compatible for Editor in 165.55 ms, found 2 plugins.
Preloading 0 native plugins for Editor in 0.00 ms.
Mono: successfully reloaded assembly
- Completed reload, in  0.949 seconds
Domain Reload Profiling:
	ReloadAssembly (949ms)
		BeginReloadAssembly (182ms)
			ExecutionOrderSort (0ms)
			DisableScriptedObjects (0ms)
			BackupInstance (0ms)
			ReleaseScriptingObjects (0ms)
			CreateAndSetChildDomain (1ms)
		EndReloadAssembly (632ms)
			LoadAssemblies (180ms)
			RebuildTransferFunctionScriptingTraits (1ms)
			SetupTypeCache (154ms)
				TypeCache.Initialize (154ms)
					TypeCache.ScanAssembly (151ms)
				ResolveRequiredComponents (1ms)
			ReleaseScriptCaches (0ms)
			RebuildScriptCaches (35ms)
			SetupLoadedEditorAssemblies (365ms)
				LogAssemblyErrors (0ms)
				InitializePlatformSupportModulesInManaged (7ms)
				SetLoadedEditorAssemblies (6ms)
				RefreshPlugins (166ms)
				BeforeProcessingInitializeOnLoad (2ms)
				ProcessInitializeOnLoadAttributes (137ms)
				ProcessInitializeOnLoadMethodAttributes (47ms)
				AfterProcessingInitializeOnLoad (0ms)
				EditorAssembliesLoaded (0ms)
			ExecutionOrderSort2 (0ms)
			AwakeInstancesAfterBackupRestoration (0ms)
Platform modules already initialized, skipping
Registering precompiled user dll's ...
Registered in 0.019759 seconds.
Begin MonoManager ReloadAssembly
Symbol file LoadedFromMemory doesn't match image D:\Projects\Horrorgame-HDRP\Library\PackageCache\com.unity.visualscripting@1.7.7\Editor\VisualScripting.Core\Dependencies\YamlDotNet\Unity.VisualScripting.YamlDotNet.dll
Symbol file LoadedFromMemory doesn't match image D:\Projects\Horrorgame-HDRP\Library\PackageCache\com.unity.visualscripting@1.7.7\Editor\VisualScripting.Core\Dependencies\DotNetZip\Unity.VisualScripting.IonicZip.dll
Native extension for WindowsStandalone target not found
Refreshing native plugins compatible for Editor in 148.57 ms, found 2 plugins.
Preloading 0 native plugins for Editor in 0.00 ms.
Mono: successfully reloaded assembly
- Completed reload, in  1.769 seconds
Domain Reload Profiling:
	ReloadAssembly (1770ms)
		BeginReloadAssembly (121ms)
			ExecutionOrderSort (0ms)
			DisableScriptedObjects (5ms)
			BackupInstance (0ms)
			ReleaseScriptingObjects (0ms)
			CreateAndSetChildDomain (20ms)
		EndReloadAssembly (1536ms)
			LoadAssemblies (225ms)
			RebuildTransferFunctionScriptingTraits (0ms)
			SetupTypeCache (321ms)
				TypeCache.Initialize (305ms)
					TypeCache.ScanAssembly (300ms)
				ResolveRequiredComponents (16ms)
			ReleaseScriptCaches (1ms)
			RebuildScriptCaches (91ms)
			SetupLoadedEditorAssemblies (851ms)
				LogAssemblyErrors (0ms)
				InitializePlatformSupportModulesInManaged (3ms)
				SetLoadedEditorAssemblies (6ms)
				RefreshPlugins (149ms)
				BeforeProcessingInitializeOnLoad (111ms)
				ProcessInitializeOnLoadAttributes (330ms)
				ProcessInitializeOnLoadMethodAttributes (251ms)
				AfterProcessingInitializeOnLoad (2ms)
				EditorAssembliesLoaded (0ms)
			ExecutionOrderSort2 (0ms)
			AwakeInstancesAfterBackupRestoration (6ms)
Platform modules already initialized, skipping
========================================================================
Worker process is ready to serve import requests
Launched and connected shader compiler UnityShaderCompiler.exe after 0.10 seconds
Refreshing native plugins compatible for Editor in 2.65 ms, found 2 plugins.
Preloading 0 native plugins for Editor in 0.00 ms.
Unloading 5983 Unused Serialized files (Serialized files now loaded: 0)
Unloading 48 unused Assets / (3.5 MB). Loaded Objects now: 6459.
Memory consumption went from 1.14 GB to 1.14 GB.
Total: 9.824100 ms (FindLiveObjects: 3.181500 ms CreateObjectMapping: 2.119300 ms MarkObjects: 3.749000 ms  DeleteObjects: 0.773200 ms)

AssetImportParameters requested are different than current active one (requested -> active):
  custom:video-decoder-ogg-theora: a1e56fd34408186e4bbccfd4996cb3dc -> 
  custom:container-muxer-webm: aa71ff27fc2769a1b78a27578f13a17b -> 
  custom:container-demuxer-webm: 4f35f7cbe854078d1ac9338744f61a02 -> 
  custom:video-encoder-webm-vp8: eb34c28f22e8b96e1ab97ce403110664 -> 
  custom:audio-encoder-webm-vorbis: bf7c407c2cedff20999df2af8eb42d56 -> 
  custom:framework-win-MediaFoundation: 216162199b28c13a410421893ffa2e32 -> 
  custom:container-demuxer-ogg: 62fdf1f143b41e24485cea50d1cbac27 -> 
  custom:video-decoder-webm-vp8: 9c59270c3fd7afecdb556c50c9e8de78 -> 
  custom:audio-decoder-ogg-vorbis: bf7c407c2cedff20999df2af8eb42d56 -> 
========================================================================
Received Import Request.
  Time since last request: 1258623.895659 seconds.
  path: Assets/Images/Border/Rounded/Rounded Outline - Stroke 16px (500ppu).png
  artifactKey: Guid(f8ae8c6f4da93db408536798e4dc96cf) Importer(815301076,1909f56bfc062723c751e8b465ee728b)
Start importing Assets/Images/Border/Rounded/Rounded Outline - Stroke 16px (500ppu).png using Guid(f8ae8c6f4da93db408536798e4dc96cf) Importer(815301076,1909f56bfc062723c751e8b465ee728b)  -> (artifact id: 'ae9aa32d1dca0be3354db7f86d695b37') in 0.121106 seconds 
========================================================================
Received Import Request.
  Time since last request: 0.000019 seconds.
  path: Assets/Images/Border/Rounded/Rounded Outline - Stroke 18px.png
  artifactKey: Guid(210c9a2590bc76644b3043743da41996) Importer(815301076,1909f56bfc062723c751e8b465ee728b)
Start importing Assets/Images/Border/Rounded/Rounded Outline - Stroke 18px.png using Guid(210c9a2590bc76644b3043743da41996) Importer(815301076,1909f56bfc062723c751e8b465ee728b)  -> (artifact id: '055fa199a21230469d5501bb43973753') in 0.064935 seconds 
========================================================================
Received Import Request.
  Time since last request: 0.000030 seconds.
  path: Assets/Images/Icons/Settings.png
  artifactKey: Guid(fcef7ad2db6a067459239ef3b89c244d) Importer(815301076,1909f56bfc062723c751e8b465ee728b)
Start importing Assets/Images/Icons/Settings.png using Guid(fcef7ad2db6a067459239ef3b89c244d) Importer(815301076,1909f56bfc062723c751e8b465ee728b)  -> (artifact id: 'f2f745b4401ca224ff9197ccc046fec9') in 0.059358 seconds 
========================================================================
Received Import Request.
  Time since last request: 1165.007147 seconds.
  path: Assets/Images/Border/Cut/Cut Frame Filled Glow.png
  artifactKey: Guid(6f7b6c7e47f6aa14b9a42b09b176aa44) Importer(815301076,1909f56bfc062723c751e8b465ee728b)
Start importing Assets/Images/Border/Cut/Cut Frame Filled Glow.png using Guid(6f7b6c7e47f6aa14b9a42b09b176aa44) Importer(815301076,1909f56bfc062723c751e8b465ee728b)  -> (artifact id: '1e0bb9af58fcb9e14b3cd3f2184c0f3e') in 0.036146 seconds 
========================================================================
Received Import Request.
  Time since last request: 0.000033 seconds.
  path: Assets/Images/Border/Cut/Cut Frame Glow Big - 2px.png
  artifactKey: Guid(ab5984e9a371c6946b4d99ebf5bf6de8) Importer(815301076,1909f56bfc062723c751e8b465ee728b)
Start importing Assets/Images/Border/Cut/Cut Frame Glow Big - 2px.png using Guid(ab5984e9a371c6946b4d99ebf5bf6de8) Importer(815301076,1909f56bfc062723c751e8b465ee728b)  -> (artifact id: 'b1fc10123afab66ea1f978e378388d04') in 0.062602 seconds 
========================================================================
Received Import Request.
  Time since last request: 0.000025 seconds.
  path: Assets/Images/Border/Cut/Cut Frame Glow - 2px.png
  artifactKey: Guid(0547e3e376b85944993f12b7af334da1) Importer(815301076,1909f56bfc062723c751e8b465ee728b)
Start importing Assets/Images/Border/Cut/Cut Frame Glow - 2px.png using Guid(0547e3e376b85944993f12b7af334da1) Importer(815301076,1909f56bfc062723c751e8b465ee728b)  -> (artifact id: '3f9a48f138a2c55a009e4edd560bfb28') in 0.069088 seconds 
========================================================================
Received Import Request.
  Time since last request: 0.000027 seconds.
  path: Assets/Images/Border/Cut/Cut Frame Glow - 3px.png
  artifactKey: Guid(671a5b730f15d06488ea1d7cf4e65e6f) Importer(815301076,1909f56bfc062723c751e8b465ee728b)
Start importing Assets/Images/Border/Cut/Cut Frame Glow - 3px.png using Guid(671a5b730f15d06488ea1d7cf4e65e6f) Importer(815301076,1909f56bfc062723c751e8b465ee728b)  -> (artifact id: 'f200e38f0026ca07758595dac2bfcc43') in 0.016576 seconds 
========================================================================
Received Import Request.
  Time since last request: 0.000025 seconds.
  path: Assets/Images/Border/Cut/Cut Frame Glow - 5px.png
  artifactKey: Guid(74d185566d32ed349931608f17e81b0f) Importer(815301076,1909f56bfc062723c751e8b465ee728b)
Start importing Assets/Images/Border/Cut/Cut Frame Glow - 5px.png using Guid(74d185566d32ed349931608f17e81b0f) Importer(815301076,1909f56bfc062723c751e8b465ee728b)  -> (artifact id: '5771b7534ff93c6935212a418a65909b') in 0.016283 seconds 
========================================================================
Received Import Request.
  Time since last request: 219.060038 seconds.
  path: Assets/Imported/TextMesh Pro/Resources/Fonts & Materials/LiberationSans SDF - Fallback.asset
  artifactKey: Guid(2e498d1c8094910479dc3e1b768306a4) Importer(815301076,1909f56bfc062723c751e8b465ee728b)
Start importing Assets/Imported/TextMesh Pro/Resources/Fonts & Materials/LiberationSans SDF - Fallback.asset using Guid(2e498d1c8094910479dc3e1b768306a4) Importer(815301076,1909f56bfc062723c751e8b465ee728b)  -> (artifact id: 'd68b68141429593d355fc512ada5107c') in 1.147644 seconds 
========================================================================
Received Import Request.
  Time since last request: 0.000035 seconds.
  path: Assets/Fonts/Rajdhani-Medium SDF.asset
  artifactKey: Guid(b04f3173f946b754db673ac13842f4c1) Importer(815301076,1909f56bfc062723c751e8b465ee728b)
Start importing Assets/Fonts/Rajdhani-Medium SDF.asset using Guid(b04f3173f946b754db673ac13842f4c1) Importer(815301076,1909f56bfc062723c751e8b465ee728b)  -> (artifact id: 'f0953ae8f275e2c9e503bafb410c090a') in 0.053593 seconds 
========================================================================
Received Import Request.
  Time since last request: 0.000036 seconds.
  path: Assets/Fonts/Orbitron-Medium SDF.asset
  artifactKey: Guid(bf52a3f061802344db8e4ebf90157f6f) Importer(815301076,1909f56bfc062723c751e8b465ee728b)
Start importing Assets/Fonts/Orbitron-Medium SDF.asset using Guid(bf52a3f061802344db8e4ebf90157f6f) Importer(815301076,1909f56bfc062723c751e8b465ee728b)  -> (artifact id: 'b9f514c82b5096bf26aa6d3967fe0ada') in 0.039986 seconds 
========================================================================
Received Import Request.
  Time since last request: 0.000033 seconds.
  path: Assets/Fonts/Rajdhani-Bold SDF.asset
  artifactKey: Guid(194c956b3d864664890e731c63fd4a02) Importer(815301076,1909f56bfc062723c751e8b465ee728b)
Start importing Assets/Fonts/Rajdhani-Bold SDF.asset using Guid(194c956b3d864664890e731c63fd4a02) Importer(815301076,1909f56bfc062723c751e8b465ee728b)  -> (artifact id: '647b5908f029e4c4904848c62103f2e2') in 0.052087 seconds 
========================================================================
Received Import Request.
  Time since last request: 5.806289 seconds.
  path: Assets/Fonts/VT323-Regular SDF.asset
  artifactKey: Guid(9f6af4b4b8dfe0e44919697026347f21) Importer(815301076,1909f56bfc062723c751e8b465ee728b)
Start importing Assets/Fonts/VT323-Regular SDF.asset using Guid(9f6af4b4b8dfe0e44919697026347f21) Importer(815301076,1909f56bfc062723c751e8b465ee728b)  -> (artifact id: 'd1530d17c795fd9e3074b034d79b5383') in 0.042390 seconds 
========================================================================
Received Import Request.
  Time since last request: 114.419960 seconds.
  path: Assets/Images/Border/Cut/Cut Frame Filled Big.png
  artifactKey: Guid(ec5758608299d7640a970e6a2d3cc107) Importer(815301076,1909f56bfc062723c751e8b465ee728b)
Start importing Assets/Images/Border/Cut/Cut Frame Filled Big.png using Guid(ec5758608299d7640a970e6a2d3cc107) Importer(815301076,1909f56bfc062723c751e8b465ee728b)  -> (artifact id: 'cb2214feb0d4b5423bddaffebf46b91f') in 0.024670 seconds 
========================================================================
Received Prepare
Refreshing native plugins compatible for Editor in 12.71 ms, found 2 plugins.
Preloading 0 native plugins for Editor in 0.00 ms.
Unloading 41 Unused Serialized files (Serialized files now loaded: 0)
Unloading 41 unused Assets / (3.5 MB). Loaded Objects now: 7012.
Memory consumption went from 376.3 MB to 372.8 MB.
Total: 32.062600 ms (FindLiveObjects: 1.069800 ms CreateObjectMapping: 2.869000 ms MarkObjects: 27.467600 ms  DeleteObjects: 0.654400 ms)

AssetImportParameters requested are different than current active one (requested -> active):
  custom:video-decoder-ogg-theora: a1e56fd34408186e4bbccfd4996cb3dc -> 
  custom:container-muxer-webm: aa71ff27fc2769a1b78a27578f13a17b -> 
  custom:container-demuxer-webm: 4f35f7cbe854078d1ac9338744f61a02 -> 
  custom:video-encoder-webm-vp8: eb34c28f22e8b96e1ab97ce403110664 -> 
  custom:audio-encoder-webm-vorbis: bf7c407c2cedff20999df2af8eb42d56 -> 
  custom:framework-win-MediaFoundation: 216162199b28c13a410421893ffa2e32 -> 
  custom:container-demuxer-ogg: 62fdf1f143b41e24485cea50d1cbac27 -> 
  custom:video-decoder-webm-vp8: 9c59270c3fd7afecdb556c50c9e8de78 -> 
  custom:audio-decoder-ogg-vorbis: bf7c407c2cedff20999df2af8eb42d56 -> 
