Using pre-set license
Built from '2022.1/staging' branch; Version is '2022.1.0b16 (098023fe5c31) revision 622627'; Using compiler version '192829333'; Build Type 'Release'
OS: 'Windows 11  (10.0.22000) 64bit Professional' Language: 'de' Physical Memory: 16301 MB
BatchMode: 1, IsHumanControllingUs: 0, StartBugReporterOnCrash: 0, Is64bit: 1, IsPro: 1

COMMAND LINE ARGUMENTS:
D:\Unity\Unity Hub\2022.1.0b16\Editor\Unity.exe
-adb2
-batchMode
-noUpm
-name
AssetImportWorker2
-projectPath
D:/Projects/Horrorgame-HDRP
-logFile
Logs/AssetImportWorker2.log
-srvPort
53980
Successfully changed project path to: D:/Projects/Horrorgame-HDRP
D:/Projects/Horrorgame-HDRP
[UnityMemory] Configuration Parameters - Can be set up in boot.config
    "memorysetup-bucket-allocator-granularity=16"
    "memorysetup-bucket-allocator-bucket-count=8"
    "memorysetup-bucket-allocator-block-size=33554432"
    "memorysetup-bucket-allocator-block-count=8"
    "memorysetup-main-allocator-block-size=16777216"
    "memorysetup-thread-allocator-block-size=16777216"
    "memorysetup-gfx-main-allocator-block-size=16777216"
    "memorysetup-gfx-thread-allocator-block-size=16777216"
    "memorysetup-cache-allocator-block-size=4194304"
    "memorysetup-typetree-allocator-block-size=2097152"
    "memorysetup-profiler-bucket-allocator-granularity=16"
    "memorysetup-profiler-bucket-allocator-bucket-count=8"
    "memorysetup-profiler-bucket-allocator-block-size=33554432"
    "memorysetup-profiler-bucket-allocator-block-count=8"
    "memorysetup-profiler-allocator-block-size=16777216"
    "memorysetup-profiler-editor-allocator-block-size=1048576"
    "memorysetup-temp-allocator-size-main=16777216"
    "memorysetup-job-temp-allocator-block-size=2097152"
    "memorysetup-job-temp-allocator-block-size-background=1048576"
    "memorysetup-job-temp-allocator-reduction-small-platforms=262144"
    "memorysetup-temp-allocator-size-background-worker=32768"
    "memorysetup-temp-allocator-size-job-worker=262144"
    "memorysetup-temp-allocator-size-preload-manager=33554432"
    "memorysetup-temp-allocator-size-nav-mesh-worker=65536"
    "memorysetup-temp-allocator-size-audio-worker=65536"
    "memorysetup-temp-allocator-size-cloud-worker=32768"
    "memorysetup-temp-allocator-size-gi-baking-worker=262144"
    "memorysetup-temp-allocator-size-gfx=262144"
Refreshing native plugins compatible for Editor in 236.59 ms, found 5 plugins.
Preloading 0 native plugins for Editor in 0.00 ms.
Initialize engine version: 2022.1.0b16 (098023fe5c31)
[Subsystems] Discovering subsystems at path D:/Unity/Unity Hub/2022.1.0b16/Editor/Data/Resources/UnitySubsystems
[Subsystems] Discovering subsystems at path D:/Projects/Horrorgame-HDRP/Assets
GfxDevice: creating device client; threaded=0; jobified=0
Direct3D:
    Version:  Direct3D 11.0 [level 11.1]
    Renderer: NVIDIA GeForce RTX 3070 (ID=0x2488)
    Vendor:   NVIDIA
    VRAM:     8043 MB
    Driver:   30.0.15.1215
Initialize mono
Mono path[0] = 'D:/Unity/Unity Hub/2022.1.0b16/Editor/Data/Managed'
Mono path[1] = 'D:/Unity/Unity Hub/2022.1.0b16/Editor/Data/MonoBleedingEdge/lib/mono/unityjit-win32'
Mono config path = 'D:/Unity/Unity Hub/2022.1.0b16/Editor/Data/MonoBleedingEdge/etc'
Using monoOptions --debugger-agent=transport=dt_socket,embedding=1,server=y,suspend=n,address=127.0.0.1:56792
Begin MonoManager ReloadAssembly
Registering precompiled unity dll's ...
Register platform support module: D:/Unity/Unity Hub/2022.1.0b16/Editor/Data/PlaybackEngines/WindowsStandaloneSupport/UnityEditor.WindowsStandalone.Extensions.dll
Registered in 0.004654 seconds.
Native extension for WindowsStandalone target not found
Refreshing native plugins compatible for Editor in 234.39 ms, found 5 plugins.
Preloading 0 native plugins for Editor in 0.00 ms.
Mono: successfully reloaded assembly
- Completed reload, in  1.487 seconds
Domain Reload Profiling:
	ReloadAssembly (1488ms)
		BeginReloadAssembly (186ms)
			ExecutionOrderSort (0ms)
			DisableScriptedObjects (0ms)
			BackupInstance (0ms)
			ReleaseScriptingObjects (0ms)
			CreateAndSetChildDomain (1ms)
		EndReloadAssembly (884ms)
			LoadAssemblies (185ms)
			RebuildTransferFunctionScriptingTraits (0ms)
			SetupTypeCache (255ms)
				TypeCache.Initialize (254ms)
					TypeCache.ScanAssembly (250ms)
				ResolveRequiredComponents (1ms)
			ReleaseScriptCaches (0ms)
			RebuildScriptCaches (55ms)
			SetupLoadedEditorAssemblies (503ms)
				LogAssemblyErrors (0ms)
				InitializePlatformSupportModulesInManaged (13ms)
				SetLoadedEditorAssemblies (13ms)
				RefreshPlugins (234ms)
				BeforeProcessingInitializeOnLoad (1ms)
				ProcessInitializeOnLoadAttributes (179ms)
				ProcessInitializeOnLoadMethodAttributes (61ms)
				AfterProcessingInitializeOnLoad (0ms)
				EditorAssembliesLoaded (0ms)
			ExecutionOrderSort2 (0ms)
			AwakeInstancesAfterBackupRestoration (0ms)
Platform modules already initialized, skipping
Registering precompiled user dll's ...
Registered in 0.006000 seconds.
Begin MonoManager ReloadAssembly
Symbol file LoadedFromMemory doesn't match image D:\Projects\Horrorgame-HDRP\Library\PackageCache\com.unity.visualscripting@1.7.6\Editor\VisualScripting.Core\Dependencies\YamlDotNet\Unity.VisualScripting.YamlDotNet.dll
Symbol file LoadedFromMemory is not a mono symbol file
Symbol file LoadedFromMemory doesn't match image D:\Projects\Horrorgame-HDRP\Library\PackageCache\com.unity.visualscripting@1.7.6\Editor\VisualScripting.Core\Dependencies\DotNetZip\Unity.VisualScripting.IonicZip.dll
Native extension for WindowsStandalone target not found
Refreshing native plugins compatible for Editor in 199.59 ms, found 5 plugins.
Preloading 0 native plugins for Editor in 0.00 ms.
Mono: successfully reloaded assembly
- Completed reload, in  1.932 seconds
Domain Reload Profiling:
	ReloadAssembly (1933ms)
		BeginReloadAssembly (129ms)
			ExecutionOrderSort (0ms)
			DisableScriptedObjects (6ms)
			BackupInstance (0ms)
			ReleaseScriptingObjects (0ms)
			CreateAndSetChildDomain (21ms)
		EndReloadAssembly (1642ms)
			LoadAssemblies (139ms)
			RebuildTransferFunctionScriptingTraits (0ms)
			SetupTypeCache (427ms)
				TypeCache.Initialize (411ms)
					TypeCache.ScanAssembly (406ms)
				ResolveRequiredComponents (15ms)
			ReleaseScriptCaches (2ms)
			RebuildScriptCaches (178ms)
			SetupLoadedEditorAssemblies (808ms)
				LogAssemblyErrors (0ms)
				InitializePlatformSupportModulesInManaged (5ms)
				SetLoadedEditorAssemblies (9ms)
				RefreshPlugins (200ms)
				BeforeProcessingInitializeOnLoad (138ms)
				ProcessInitializeOnLoadAttributes (407ms)
				ProcessInitializeOnLoadMethodAttributes (46ms)
				AfterProcessingInitializeOnLoad (2ms)
				EditorAssembliesLoaded (0ms)
			ExecutionOrderSort2 (0ms)
			AwakeInstancesAfterBackupRestoration (11ms)
Platform modules already initialized, skipping
========================================================================
Worker process is ready to serve import requests
Launched and connected shader compiler UnityShaderCompiler.exe after 0.12 seconds
Refreshing native plugins compatible for Editor in 3.40 ms, found 5 plugins.
Preloading 0 native plugins for Editor in 0.00 ms.
Unloading 6297 Unused Serialized files (Serialized files now loaded: 0)
Unloading 148 unused Assets / (11.3 MB). Loaded Objects now: 6638.
Memory consumption went from 1.06 GB to 1.05 GB.
Total: 6.706800 ms (FindLiveObjects: 0.605400 ms CreateObjectMapping: 0.811900 ms MarkObjects: 3.150100 ms  DeleteObjects: 2.138200 ms)

AssetImportParameters requested are different than current active one (requested -> active):
  custom:video-decoder-ogg-theora: a1e56fd34408186e4bbccfd4996cb3dc -> 
  custom:container-muxer-webm: aa71ff27fc2769a1b78a27578f13a17b -> 
  custom:container-demuxer-webm: 4f35f7cbe854078d1ac9338744f61a02 -> 
  custom:video-encoder-webm-vp8: eb34c28f22e8b96e1ab97ce403110664 -> 
  custom:audio-encoder-webm-vorbis: bf7c407c2cedff20999df2af8eb42d56 -> 
  custom:framework-win-MediaFoundation: 216162199b28c13a410421893ffa2e32 -> 
  custom:container-demuxer-ogg: 62fdf1f143b41e24485cea50d1cbac27 -> 
  custom:video-decoder-webm-vp8: 9c59270c3fd7afecdb556c50c9e8de78 -> 
  custom:audio-decoder-ogg-vorbis: bf7c407c2cedff20999df2af8eb42d56 -> 
========================================================================
Received Import Request.
  Time since last request: 776053.193368 seconds.
  path: Assets/Imported
  artifactKey: Guid(c3a6236f17ea1d24194df652edff1145) Importer(815301076,1909f56bfc062723c751e8b465ee728b)
Start importing Assets/Imported using Guid(c3a6236f17ea1d24194df652edff1145) Importer(815301076,1909f56bfc062723c751e8b465ee728b)  -> (artifact id: '054498a4256e9c5ad52164da39194c3c') in 0.006486 seconds 
========================================================================
Received Import Request.
  Time since last request: 21.339670 seconds.
  path: Assets/HDRPDefaultResources
  artifactKey: Guid(abc661c586a9116428571bb17ea1a331) Importer(815301076,1909f56bfc062723c751e8b465ee728b)
Start importing Assets/HDRPDefaultResources using Guid(abc661c586a9116428571bb17ea1a331) Importer(815301076,1909f56bfc062723c751e8b465ee728b)  -> (artifact id: 'f6971905d0dc2adff26963957df69e40') in 0.006701 seconds 
========================================================================
Received Import Request.
  Time since last request: 0.038939 seconds.
  path: Assets/HDRPDefaultResources/DefaultHDRISky.exr
  artifactKey: Guid(54a3a0570aebe8949bec4966f1376581) Importer(815301076,1909f56bfc062723c751e8b465ee728b)
Start importing Assets/HDRPDefaultResources/DefaultHDRISky.exr using Guid(54a3a0570aebe8949bec4966f1376581) Importer(815301076,1909f56bfc062723c751e8b465ee728b)  -> (artifact id: '0e96caab7dc5cedab49e949ada087184') in 0.150925 seconds 
========================================================================
Received Import Request.
  Time since last request: 0.000025 seconds.
  path: Assets/HDRPDefaultResources/DefaultVFXResources.asset
  artifactKey: Guid(145290c901d58b343bdeb3b4362c9ff2) Importer(815301076,1909f56bfc062723c751e8b465ee728b)
Start importing Assets/HDRPDefaultResources/DefaultVFXResources.asset using Guid(145290c901d58b343bdeb3b4362c9ff2) Importer(815301076,1909f56bfc062723c751e8b465ee728b)  -> (artifact id: '5de31f101d968275930d13b632764327') in 0.075144 seconds 
========================================================================
Received Import Request.
  Time since last request: 0.000027 seconds.
  path: Assets/HDRPDefaultResources/HDRenderPipelineGlobalSettings.asset
  artifactKey: Guid(acc11144f57719542b5fa25f02e74afb) Importer(815301076,1909f56bfc062723c751e8b465ee728b)
Start importing Assets/HDRPDefaultResources/HDRenderPipelineGlobalSettings.asset using Guid(acc11144f57719542b5fa25f02e74afb) Importer(815301076,1909f56bfc062723c751e8b465ee728b)  -> (artifact id: '49475386a9a5d796761968c5794c6660') in 0.114555 seconds 
========================================================================
Received Import Request.
  Time since last request: 6.208865 seconds.
  path: Assets/Videos
  artifactKey: Guid(8fd97343620ebb04b8daf2198b9f6ffb) Importer(815301076,1909f56bfc062723c751e8b465ee728b)
Start importing Assets/Videos using Guid(8fd97343620ebb04b8daf2198b9f6ffb) Importer(815301076,1909f56bfc062723c751e8b465ee728b)  -> (artifact id: 'e4c0f57418feeaebd350094e4995aea9') in 0.005433 seconds 
========================================================================
Received Import Request.
  Time since last request: 0.043124 seconds.
  path: Assets/Videos/Intro.mp4
  artifactKey: Guid(2a7aa1b2139f58744b1a43b347327e4e) Importer(815301076,1909f56bfc062723c751e8b465ee728b)
Start importing Assets/Videos/Intro.mp4 using Guid(2a7aa1b2139f58744b1a43b347327e4e) Importer(815301076,1909f56bfc062723c751e8b465ee728b)  -> (artifact id: '4411cb49e75764af7da83b86671b3d66') in 0.048775 seconds 
========================================================================
Received Import Request.
  Time since last request: 1249.919189 seconds.
  path: Assets/Scenes
  artifactKey: Guid(7c0f9a228f3b44949ad53e62a858a5aa) Importer(815301076,1909f56bfc062723c751e8b465ee728b)
Start importing Assets/Scenes using Guid(7c0f9a228f3b44949ad53e62a858a5aa) Importer(815301076,1909f56bfc062723c751e8b465ee728b)  -> (artifact id: 'c6294898a5fd647a5cdfc022475a880c') in 0.004802 seconds 
========================================================================
Received Import Request.
  Time since last request: 1.546639 seconds.
  path: Assets/Scenes/Intro.unity
  artifactKey: Guid(531b93a61c6209547b0f78e86f1453c2) Importer(815301076,1909f56bfc062723c751e8b465ee728b)
Start importing Assets/Scenes/Intro.unity using Guid(531b93a61c6209547b0f78e86f1453c2) Importer(815301076,1909f56bfc062723c751e8b465ee728b)  -> (artifact id: 'f960605506a6d0ba0bf910ad78ee44e9') in 0.004641 seconds 
========================================================================
Received Prepare
Registering precompiled user dll's ...
Registered in 0.006175 seconds.
Begin MonoManager ReloadAssembly
Symbol file LoadedFromMemory doesn't match image D:\Projects\Horrorgame-HDRP\Library\PackageCache\com.unity.visualscripting@1.7.6\Editor\VisualScripting.Core\Dependencies\YamlDotNet\Unity.VisualScripting.YamlDotNet.dll
Symbol file LoadedFromMemory is not a mono symbol file
Symbol file LoadedFromMemory doesn't match image D:\Projects\Horrorgame-HDRP\Library\PackageCache\com.unity.visualscripting@1.7.6\Editor\VisualScripting.Core\Dependencies\DotNetZip\Unity.VisualScripting.IonicZip.dll
Native extension for WindowsStandalone target not found
Refreshing native plugins compatible for Editor in 1.47 ms, found 5 plugins.
Preloading 0 native plugins for Editor in 0.00 ms.
Mono: successfully reloaded assembly
- Completed reload, in  1.725 seconds
Domain Reload Profiling:
	ReloadAssembly (1726ms)
		BeginReloadAssembly (253ms)
			ExecutionOrderSort (0ms)
			DisableScriptedObjects (8ms)
			BackupInstance (0ms)
			ReleaseScriptingObjects (0ms)
			CreateAndSetChildDomain (67ms)
		EndReloadAssembly (1314ms)
			LoadAssemblies (245ms)
			RebuildTransferFunctionScriptingTraits (0ms)
			SetupTypeCache (435ms)
				TypeCache.Initialize (413ms)
					TypeCache.ScanAssembly (400ms)
				ResolveRequiredComponents (22ms)
			ReleaseScriptCaches (4ms)
			RebuildScriptCaches (108ms)
			SetupLoadedEditorAssemblies (521ms)
				LogAssemblyErrors (0ms)
				InitializePlatformSupportModulesInManaged (16ms)
				SetLoadedEditorAssemblies (6ms)
				RefreshPlugins (2ms)
				BeforeProcessingInitializeOnLoad (100ms)
				ProcessInitializeOnLoadAttributes (357ms)
				ProcessInitializeOnLoadMethodAttributes (38ms)
				AfterProcessingInitializeOnLoad (2ms)
				EditorAssembliesLoaded (0ms)
			ExecutionOrderSort2 (0ms)
			AwakeInstancesAfterBackupRestoration (7ms)
Platform modules already initialized, skipping
Refreshing native plugins compatible for Editor in 3.94 ms, found 5 plugins.
Preloading 0 native plugins for Editor in 0.00 ms.
Unloading 6133 Unused Serialized files (Serialized files now loaded: 0)
Unloading 142 unused Assets / (11.3 MB). Loaded Objects now: 6674.
Memory consumption went from 1.03 GB to 1.02 GB.
Total: 10.806300 ms (FindLiveObjects: 0.717900 ms CreateObjectMapping: 0.569600 ms MarkObjects: 3.811400 ms  DeleteObjects: 5.706200 ms)

AssetImportParameters requested are different than current active one (requested -> active):
  custom:video-decoder-ogg-theora: a1e56fd34408186e4bbccfd4996cb3dc -> 
  custom:container-muxer-webm: aa71ff27fc2769a1b78a27578f13a17b -> 
  custom:container-demuxer-webm: 4f35f7cbe854078d1ac9338744f61a02 -> 
  custom:video-encoder-webm-vp8: eb34c28f22e8b96e1ab97ce403110664 -> 
  custom:audio-encoder-webm-vorbis: bf7c407c2cedff20999df2af8eb42d56 -> 
  custom:framework-win-MediaFoundation: 216162199b28c13a410421893ffa2e32 -> 
  custom:container-demuxer-ogg: 62fdf1f143b41e24485cea50d1cbac27 -> 
  custom:video-decoder-webm-vp8: 9c59270c3fd7afecdb556c50c9e8de78 -> 
  custom:audio-decoder-ogg-vorbis: bf7c407c2cedff20999df2af8eb42d56 -> 
========================================================================
Received Import Request.
  Time since last request: 1690.395548 seconds.
  path: Assets/Scenes/Mainmenu.unity
  artifactKey: Guid(f7cfcff5ab9758b43855ef32fb7bf347) Importer(815301076,1909f56bfc062723c751e8b465ee728b)
Start importing Assets/Scenes/Mainmenu.unity using Guid(f7cfcff5ab9758b43855ef32fb7bf347) Importer(815301076,1909f56bfc062723c751e8b465ee728b)  -> (artifact id: '6f5b0743cd5ed116b2c6a513177576f1') in 0.007742 seconds 
========================================================================
Received Import Request.
  Time since last request: 20.888590 seconds.
  path: Assets/Maps
  artifactKey: Guid(e1ab5a141ab5e134184bfd8b749bd1df) Importer(815301076,1909f56bfc062723c751e8b465ee728b)
Start importing Assets/Maps using Guid(e1ab5a141ab5e134184bfd8b749bd1df) Importer(815301076,1909f56bfc062723c751e8b465ee728b)  -> (artifact id: '034eaf7e57cf23e232d51382b20556ec') in 0.009490 seconds 
========================================================================
Received Import Request.
  Time since last request: 941.804278 seconds.
  path: Assets/PostProcessing/HDRPDefaultResources/DefaultSettingsVolumeProfile.asset
  artifactKey: Guid(65aa4077dc49d0a4bb0634173d3219e2) Importer(815301076,1909f56bfc062723c751e8b465ee728b)
Start importing Assets/PostProcessing/HDRPDefaultResources/DefaultSettingsVolumeProfile.asset using Guid(65aa4077dc49d0a4bb0634173d3219e2) Importer(815301076,1909f56bfc062723c751e8b465ee728b)  -> (artifact id: '2edf5b1c13e16eb9beb6ff5c09396153') in 0.215710 seconds 
========================================================================
Received Import Request.
  Time since last request: 0.000036 seconds.
  path: Packages/com.unity.render-pipelines.high-definition/Editor/SceneTemplates/IndoorsDXR/DXRSettingsProfile.asset
  artifactKey: Guid(ccdaf44d23fad9b4e864f8ed9cc711f9) Importer(815301076,1909f56bfc062723c751e8b465ee728b)
Start importing Packages/com.unity.render-pipelines.high-definition/Editor/SceneTemplates/IndoorsDXR/DXRSettingsProfile.asset using Guid(ccdaf44d23fad9b4e864f8ed9cc711f9) Importer(815301076,1909f56bfc062723c751e8b465ee728b)  -> (artifact id: '2b4fa954ba416bb6a5a1d31774b47f46') in 0.009136 seconds 
========================================================================
Received Import Request.
  Time since last request: 0.000455 seconds.
  path: Assets/SampleS/High Definition RP/12.1.4/Lens Flare Samples/SampleScene/VolumeProfiles/Indoor.asset
  artifactKey: Guid(73035aac6ba8da34fb988a2317b4e301) Importer(815301076,1909f56bfc062723c751e8b465ee728b)
Start importing Assets/SampleS/High Definition RP/12.1.4/Lens Flare Samples/SampleScene/VolumeProfiles/Indoor.asset using Guid(73035aac6ba8da34fb988a2317b4e301) Importer(815301076,1909f56bfc062723c751e8b465ee728b)  -> (artifact id: '56def0762abf6b8989aaa0fe73f320e5') in 0.010432 seconds 
========================================================================
Received Import Request.
  Time since last request: 0.000040 seconds.
  path: Assets/PostProcessing/IntroPP.asset
  artifactKey: Guid(d543f5b76313ba544aef452658b9ff85) Importer(815301076,1909f56bfc062723c751e8b465ee728b)
Start importing Assets/PostProcessing/IntroPP.asset using Guid(d543f5b76313ba544aef452658b9ff85) Importer(815301076,1909f56bfc062723c751e8b465ee728b)  -> (artifact id: '698ef5869e6ce9c44bfcfc34e304cd79') in 0.009500 seconds 
========================================================================
Received Import Request.
  Time since last request: 0.000021 seconds.
  path: Assets/SampleS/High Definition RP/12.1.4/Lens Flare Samples/SampleScene/VolumeProfiles/HDRiSky.asset
  artifactKey: Guid(cde6fb4e6605276409f95d2aed878e67) Importer(815301076,1909f56bfc062723c751e8b465ee728b)
Start importing Assets/SampleS/High Definition RP/12.1.4/Lens Flare Samples/SampleScene/VolumeProfiles/HDRiSky.asset using Guid(cde6fb4e6605276409f95d2aed878e67) Importer(815301076,1909f56bfc062723c751e8b465ee728b)  -> (artifact id: '3d22a1f35ee3ab5508f44257f20bcd92') in 0.121380 seconds 
========================================================================
Received Import Request.
  Time since last request: 0.000058 seconds.
  path: Packages/com.unity.render-pipelines.high-definition/Editor/SceneTemplates/OutdoorsDXR/DXRSettingsProfile.asset
  artifactKey: Guid(cbe82249cb113134c8c0c91461d5f7ee) Importer(815301076,1909f56bfc062723c751e8b465ee728b)
Start importing Packages/com.unity.render-pipelines.high-definition/Editor/SceneTemplates/OutdoorsDXR/DXRSettingsProfile.asset using Guid(cbe82249cb113134c8c0c91461d5f7ee) Importer(815301076,1909f56bfc062723c751e8b465ee728b)  -> (artifact id: '6174aa339d514834af240182537209ae') in 0.008513 seconds 
========================================================================
Received Import Request.
  Time since last request: 0.082310 seconds.
  path: Assets/Imported/NatureManufacture Assets 1/HD Settings/Diffusion Profiles Settings/MounainSkyandFogSettings.asset
  artifactKey: Guid(18a397fe8cb81d54386bf9d85fe49b11) Importer(815301076,1909f56bfc062723c751e8b465ee728b)
Start importing Assets/Imported/NatureManufacture Assets 1/HD Settings/Diffusion Profiles Settings/MounainSkyandFogSettings.asset using Guid(18a397fe8cb81d54386bf9d85fe49b11) Importer(815301076,1909f56bfc062723c751e8b465ee728b)  -> (artifact id: '5efa810fde330f7d13e48cbc64498614') in 0.154209 seconds 
========================================================================
Received Import Request.
  Time since last request: 0.000045 seconds.
  path: Assets/Imported/NatureManufacture Assets 1/HD Settings/OverviewPostProcessingSettings.asset
  artifactKey: Guid(87d67a093d10b7548a4ca49ee75db66c) Importer(815301076,1909f56bfc062723c751e8b465ee728b)
Start importing Assets/Imported/NatureManufacture Assets 1/HD Settings/OverviewPostProcessingSettings.asset using Guid(87d67a093d10b7548a4ca49ee75db66c) Importer(815301076,1909f56bfc062723c751e8b465ee728b)  -> (artifact id: 'ed0b897cf13d23b46be6bf590f4eac53') in 0.017252 seconds 
========================================================================
Received Import Request.
  Time since last request: 0.000037 seconds.
  path: Assets/Imported/NatureManufacture Assets 1/HD Settings/Diffusion Profiles Settings/MountainPostProcessingSettings.asset
  artifactKey: Guid(dcc81b071599eb048ab26832174dabba) Importer(815301076,1909f56bfc062723c751e8b465ee728b)
Start importing Assets/Imported/NatureManufacture Assets 1/HD Settings/Diffusion Profiles Settings/MountainPostProcessingSettings.asset using Guid(dcc81b071599eb048ab26832174dabba) Importer(815301076,1909f56bfc062723c751e8b465ee728b)  -> (artifact id: '1c603f7c45aa40de76fc2fa3f23d4b77') in 0.005159 seconds 
========================================================================
Received Import Request.
  Time since last request: 0.370892 seconds.
  path: Assets/Imported/NatureManufacture Assets/HD Settings/OverviewSkyandFogSettings.asset
  artifactKey: Guid(25d2e25d7d33c0742979db7385cdcb09) Importer(815301076,1909f56bfc062723c751e8b465ee728b)
Start importing Assets/Imported/NatureManufacture Assets/HD Settings/OverviewSkyandFogSettings.asset using Guid(25d2e25d7d33c0742979db7385cdcb09) Importer(815301076,1909f56bfc062723c751e8b465ee728b)  -> (artifact id: '7442dbfed39236a1c4369718bc445b87') in 0.069742 seconds 
========================================================================
Received Import Request.
  Time since last request: 0.248689 seconds.
  path: Assets/Scenes/Mainmenu/Sky and Fog Settings Profile.asset
  artifactKey: Guid(9f660e2d13de68242aacac3e09d305e0) Importer(815301076,1909f56bfc062723c751e8b465ee728b)
Start importing Assets/Scenes/Mainmenu/Sky and Fog Settings Profile.asset using Guid(9f660e2d13de68242aacac3e09d305e0) Importer(815301076,1909f56bfc062723c751e8b465ee728b)  -> (artifact id: '15a6a9bdcd0ec96a709cae27f8fec00e') in 0.015688 seconds 
========================================================================
Received Import Request.
  Time since last request: 0.020040 seconds.
  path: Assets/SampleS/High Definition RP/12.1.4/Lens Flare Samples/SampleScene/VolumeProfiles/SkyandFogSettingsProfile.asset
  artifactKey: Guid(621d000f3cc3e774ea8675637c871a5b) Importer(815301076,1909f56bfc062723c751e8b465ee728b)
Start importing Assets/SampleS/High Definition RP/12.1.4/Lens Flare Samples/SampleScene/VolumeProfiles/SkyandFogSettingsProfile.asset using Guid(621d000f3cc3e774ea8675637c871a5b) Importer(815301076,1909f56bfc062723c751e8b465ee728b)  -> (artifact id: '39cc5d606ef06552728d12c716a5219e') in 0.009182 seconds 
========================================================================
Received Import Request.
  Time since last request: 0.034885 seconds.
  path: Packages/com.unity.render-pipelines.high-definition/Editor/SceneTemplates/IndoorsDXR/SkyandFogSettingsProfile.asset
  artifactKey: Guid(94bebb84b0cc4e5488ebd84b0548f912) Importer(815301076,1909f56bfc062723c751e8b465ee728b)
Start importing Packages/com.unity.render-pipelines.high-definition/Editor/SceneTemplates/IndoorsDXR/SkyandFogSettingsProfile.asset using Guid(94bebb84b0cc4e5488ebd84b0548f912) Importer(815301076,1909f56bfc062723c751e8b465ee728b)  -> (artifact id: 'd9d7d2e99d3f2a36eba70d4ec233dad0') in 0.005194 seconds 
========================================================================
Received Import Request.
  Time since last request: 5.285226 seconds.
  path: Assets/HDRPDefaultResources 1/HDRenderPipelineGlobalSettings.asset
  artifactKey: Guid(f53630f4eb002304d92d862224ed74bc) Importer(815301076,1909f56bfc062723c751e8b465ee728b)
Start importing Assets/HDRPDefaultResources 1/HDRenderPipelineGlobalSettings.asset using Guid(f53630f4eb002304d92d862224ed74bc) Importer(815301076,1909f56bfc062723c751e8b465ee728b)  -> (artifact id: '3359391df81124a15e20cb8d9a7ef6bb') in 0.689414 seconds 
========================================================================
Received Import Request.
  Time since last request: 21.698723 seconds.
  path: Assets/PostProcessing/HDRPDefaultResources/FoliageDiffusionProfile.asset
  artifactKey: Guid(38411ff22db83f945a08b68efe0178d8) Importer(815301076,1909f56bfc062723c751e8b465ee728b)
Start importing Assets/PostProcessing/HDRPDefaultResources/FoliageDiffusionProfile.asset using Guid(38411ff22db83f945a08b68efe0178d8) Importer(815301076,1909f56bfc062723c751e8b465ee728b)  -> (artifact id: 'fe47c5bb5408e1078faf59e670e092a0') in 0.008578 seconds 
========================================================================
Received Import Request.
  Time since last request: 0.000017 seconds.
  path: Assets/Imported/NatureManufacture Assets/HD Settings/Diffusion Profiles Settings/NM_SSSSettings_Skin_NM Foliage Heath.asset
  artifactKey: Guid(f285b103f609638488d95c47455003e4) Importer(815301076,1909f56bfc062723c751e8b465ee728b)
Start importing Assets/Imported/NatureManufacture Assets/HD Settings/Diffusion Profiles Settings/NM_SSSSettings_Skin_NM Foliage Heath.asset using Guid(f285b103f609638488d95c47455003e4) Importer(815301076,1909f56bfc062723c751e8b465ee728b)  -> (artifact id: '98b1583541ffa2c16cc1d8c2dc79ef90') in 0.008748 seconds 
========================================================================
Received Import Request.
  Time since last request: 0.000021 seconds.
  path: Assets/Imported/NatureManufacture Assets 1/HD Settings/Diffusion Profiles Settings/NM_SSSSettings_Skin_NM Cloud.asset
  artifactKey: Guid(6efdfeb114d172445be23b16e03aa630) Importer(815301076,1909f56bfc062723c751e8b465ee728b)
Start importing Assets/Imported/NatureManufacture Assets 1/HD Settings/Diffusion Profiles Settings/NM_SSSSettings_Skin_NM Cloud.asset using Guid(6efdfeb114d172445be23b16e03aa630) Importer(815301076,1909f56bfc062723c751e8b465ee728b)  -> (artifact id: '87cb549d6c8554b6ca56ba7774039d75') in 0.003654 seconds 
========================================================================
Received Import Request.
  Time since last request: 0.000029 seconds.
  path: Assets/Imported/NatureManufacture Assets 1/HD Settings/Diffusion Profiles Settings/NM_SSSSettings_Skin_NM Foliage Fish.asset
  artifactKey: Guid(beb36a8ed471a82428f816f1bb880012) Importer(815301076,1909f56bfc062723c751e8b465ee728b)
Start importing Assets/Imported/NatureManufacture Assets 1/HD Settings/Diffusion Profiles Settings/NM_SSSSettings_Skin_NM Foliage Fish.asset using Guid(beb36a8ed471a82428f816f1bb880012) Importer(815301076,1909f56bfc062723c751e8b465ee728b)  -> (artifact id: '8c5c43a63d0d05d154deac2601f71410') in 0.003463 seconds 
========================================================================
Received Import Request.
  Time since last request: 0.794833 seconds.
  path: Assets/Imported/NatureManufacture Assets 1/HD Settings/Diffusion Profiles Settings/NM_SSSSettings_Skin_NM Foliage Mountain.asset
  artifactKey: Guid(300d4eef77d1e3544af7f84c3826c8fa) Importer(815301076,1909f56bfc062723c751e8b465ee728b)
Start importing Assets/Imported/NatureManufacture Assets 1/HD Settings/Diffusion Profiles Settings/NM_SSSSettings_Skin_NM Foliage Mountain.asset using Guid(300d4eef77d1e3544af7f84c3826c8fa) Importer(815301076,1909f56bfc062723c751e8b465ee728b)  -> (artifact id: '579eb7b0402c92e745fc7bd8fdebf51a') in 0.005838 seconds 
========================================================================
Received Import Request.
  Time since last request: 0.057189 seconds.
  path: Assets/Imported/NatureManufacture Assets 1/HD Settings/Diffusion Profiles Settings/NM_SSSSettings_Skin_NM Foliage Trees Mountain.asset
  artifactKey: Guid(f1fe0509a1ca711408485d2643b817a0) Importer(815301076,1909f56bfc062723c751e8b465ee728b)
Start importing Assets/Imported/NatureManufacture Assets 1/HD Settings/Diffusion Profiles Settings/NM_SSSSettings_Skin_NM Foliage Trees Mountain.asset using Guid(f1fe0509a1ca711408485d2643b817a0) Importer(815301076,1909f56bfc062723c751e8b465ee728b)  -> (artifact id: '94f1f5ce2783f8fbbf77bbd639314ad7') in 0.002007 seconds 
========================================================================
Received Import Request.
  Time since last request: 0.000018 seconds.
  path: Assets/PostProcessing/HDRPDefaultResources/SkinDiffusionProfile.asset
  artifactKey: Guid(5c31cd3c1ea21074f8a5d4acd3f9ce93) Importer(815301076,1909f56bfc062723c751e8b465ee728b)
Start importing Assets/PostProcessing/HDRPDefaultResources/SkinDiffusionProfile.asset using Guid(5c31cd3c1ea21074f8a5d4acd3f9ce93) Importer(815301076,1909f56bfc062723c751e8b465ee728b)  -> (artifact id: '264415788c14e00179b050ce5594f64d') in 0.007645 seconds 
========================================================================
Received Import Request.
  Time since last request: 26.512316 seconds.
  path: Assets/SampleS/High Definition RP/12.1.4/Lens Flare Samples/SampleScene/VolumeProfiles/BlackSky.asset
  artifactKey: Guid(d2ce6935cce3f3b478e2108d0df1c48e) Importer(815301076,1909f56bfc062723c751e8b465ee728b)
Start importing Assets/SampleS/High Definition RP/12.1.4/Lens Flare Samples/SampleScene/VolumeProfiles/BlackSky.asset using Guid(d2ce6935cce3f3b478e2108d0df1c48e) Importer(815301076,1909f56bfc062723c751e8b465ee728b)  -> (artifact id: '0e3c23e5f43c9488667d4519a87db9d4') in 0.010424 seconds 
========================================================================
Received Import Request.
  Time since last request: 60.752671 seconds.
  path: Assets/HDRPDefaultResources 1/HDRenderPipelineAsset.asset
  artifactKey: Guid(f2890581223401c4e9a4de1e921b471d) Importer(815301076,1909f56bfc062723c751e8b465ee728b)
Start importing Assets/HDRPDefaultResources 1/HDRenderPipelineAsset.asset using Guid(f2890581223401c4e9a4de1e921b471d) Importer(815301076,1909f56bfc062723c751e8b465ee728b)  -> (artifact id: 'b95b2f3091b5c5ebf2b3edaf824617e9') in 0.028814 seconds 
========================================================================
Received Prepare
Refreshing native plugins compatible for Editor in 9.87 ms, found 5 plugins.
Preloading 0 native plugins for Editor in 0.00 ms.
Unloading 267 Unused Serialized files (Serialized files now loaded: 0)
Unloading 49 unused Assets / (3.4 MB). Loaded Objects now: 6916.
Memory consumption went from 291.6 MB to 288.2 MB.
Total: 27.158300 ms (FindLiveObjects: 0.543900 ms CreateObjectMapping: 0.455800 ms MarkObjects: 25.644900 ms  DeleteObjects: 0.512300 ms)

AssetImportParameters requested are different than current active one (requested -> active):
  custom:video-decoder-ogg-theora: a1e56fd34408186e4bbccfd4996cb3dc -> 
  custom:container-muxer-webm: aa71ff27fc2769a1b78a27578f13a17b -> 
  custom:container-demuxer-webm: 4f35f7cbe854078d1ac9338744f61a02 -> 
  custom:video-encoder-webm-vp8: eb34c28f22e8b96e1ab97ce403110664 -> 
  custom:audio-encoder-webm-vorbis: bf7c407c2cedff20999df2af8eb42d56 -> 
  custom:framework-win-MediaFoundation: 216162199b28c13a410421893ffa2e32 -> 
  custom:container-demuxer-ogg: 62fdf1f143b41e24485cea50d1cbac27 -> 
  custom:video-decoder-webm-vp8: 9c59270c3fd7afecdb556c50c9e8de78 -> 
  custom:audio-decoder-ogg-vorbis: bf7c407c2cedff20999df2af8eb42d56 -> 
