Using pre-set license
Built from '2022.1/staging' branch; Version is '2022.1.0b16 (098023fe5c31) revision 622627'; Using compiler version '192829333'; Build Type 'Release'
OS: 'Windows 11  (10.0.22000) 64bit Professional' Language: 'de' Physical Memory: 16301 MB
BatchMode: 1, IsHumanControllingUs: 0, StartBugReporterOnCrash: 0, Is64bit: 1, IsPro: 1

COMMAND LINE ARGUMENTS:
D:\Unity\Unity Hub\2022.1.0b16\Editor\Unity.exe
-adb2
-batchMode
-noUpm
-name
AssetImportWorker1
-projectPath
D:/Projects/Horrorgame-HDRP
-logFile
Logs/AssetImportWorker1.log
-srvPort
62671
Successfully changed project path to: D:/Projects/Horrorgame-HDRP
D:/Projects/Horrorgame-HDRP
[UnityMemory] Configuration Parameters - Can be set up in boot.config
    "memorysetup-bucket-allocator-granularity=16"
    "memorysetup-bucket-allocator-bucket-count=8"
    "memorysetup-bucket-allocator-block-size=33554432"
    "memorysetup-bucket-allocator-block-count=8"
    "memorysetup-main-allocator-block-size=16777216"
    "memorysetup-thread-allocator-block-size=16777216"
    "memorysetup-gfx-main-allocator-block-size=16777216"
    "memorysetup-gfx-thread-allocator-block-size=16777216"
    "memorysetup-cache-allocator-block-size=4194304"
    "memorysetup-typetree-allocator-block-size=2097152"
    "memorysetup-profiler-bucket-allocator-granularity=16"
    "memorysetup-profiler-bucket-allocator-bucket-count=8"
    "memorysetup-profiler-bucket-allocator-block-size=33554432"
    "memorysetup-profiler-bucket-allocator-block-count=8"
    "memorysetup-profiler-allocator-block-size=16777216"
    "memorysetup-profiler-editor-allocator-block-size=1048576"
    "memorysetup-temp-allocator-size-main=16777216"
    "memorysetup-job-temp-allocator-block-size=2097152"
    "memorysetup-job-temp-allocator-block-size-background=1048576"
    "memorysetup-job-temp-allocator-reduction-small-platforms=262144"
    "memorysetup-temp-allocator-size-background-worker=32768"
    "memorysetup-temp-allocator-size-job-worker=262144"
    "memorysetup-temp-allocator-size-preload-manager=33554432"
    "memorysetup-temp-allocator-size-nav-mesh-worker=65536"
    "memorysetup-temp-allocator-size-audio-worker=65536"
    "memorysetup-temp-allocator-size-cloud-worker=32768"
    "memorysetup-temp-allocator-size-gi-baking-worker=262144"
    "memorysetup-temp-allocator-size-gfx=262144"
Refreshing native plugins compatible for Editor in 154.32 ms, found 2 plugins.
Preloading 0 native plugins for Editor in 0.00 ms.
Initialize engine version: 2022.1.0b16 (098023fe5c31)
[Subsystems] Discovering subsystems at path D:/Unity/Unity Hub/2022.1.0b16/Editor/Data/Resources/UnitySubsystems
[Subsystems] Discovering subsystems at path D:/Projects/Horrorgame-HDRP/Assets
GfxDevice: creating device client; threaded=0; jobified=0
Direct3D:
    Version:  Direct3D 11.0 [level 11.1]
    Renderer: NVIDIA GeForce RTX 3070 (ID=0x2488)
    Vendor:   NVIDIA
    VRAM:     8043 MB
    Driver:   30.0.15.1215
Initialize mono
Mono path[0] = 'D:/Unity/Unity Hub/2022.1.0b16/Editor/Data/Managed'
Mono path[1] = 'D:/Unity/Unity Hub/2022.1.0b16/Editor/Data/MonoBleedingEdge/lib/mono/unityjit-win32'
Mono config path = 'D:/Unity/Unity Hub/2022.1.0b16/Editor/Data/MonoBleedingEdge/etc'
Using monoOptions --debugger-agent=transport=dt_socket,embedding=1,server=y,suspend=n,address=127.0.0.1:56360
Begin MonoManager ReloadAssembly
Registering precompiled unity dll's ...
Register platform support module: D:/Unity/Unity Hub/2022.1.0b16/Editor/Data/PlaybackEngines/WindowsStandaloneSupport/UnityEditor.WindowsStandalone.Extensions.dll
Registered in 0.002077 seconds.
Native extension for WindowsStandalone target not found
Refreshing native plugins compatible for Editor in 169.01 ms, found 2 plugins.
Preloading 0 native plugins for Editor in 0.00 ms.
Mono: successfully reloaded assembly
- Completed reload, in  0.905 seconds
Domain Reload Profiling:
	ReloadAssembly (905ms)
		BeginReloadAssembly (150ms)
			ExecutionOrderSort (0ms)
			DisableScriptedObjects (0ms)
			BackupInstance (0ms)
			ReleaseScriptingObjects (0ms)
			CreateAndSetChildDomain (1ms)
		EndReloadAssembly (640ms)
			LoadAssemblies (150ms)
			RebuildTransferFunctionScriptingTraits (0ms)
			SetupTypeCache (163ms)
				TypeCache.Initialize (162ms)
					TypeCache.ScanAssembly (160ms)
				ResolveRequiredComponents (1ms)
			ReleaseScriptCaches (0ms)
			RebuildScriptCaches (30ms)
			SetupLoadedEditorAssemblies (380ms)
				LogAssemblyErrors (0ms)
				InitializePlatformSupportModulesInManaged (6ms)
				SetLoadedEditorAssemblies (6ms)
				RefreshPlugins (169ms)
				BeforeProcessingInitializeOnLoad (1ms)
				ProcessInitializeOnLoadAttributes (144ms)
				ProcessInitializeOnLoadMethodAttributes (53ms)
				AfterProcessingInitializeOnLoad (0ms)
				EditorAssembliesLoaded (0ms)
			ExecutionOrderSort2 (0ms)
			AwakeInstancesAfterBackupRestoration (0ms)
Platform modules already initialized, skipping
Registering precompiled user dll's ...
Registered in 0.004438 seconds.
Begin MonoManager ReloadAssembly
Symbol file LoadedFromMemory doesn't match image D:\Projects\Horrorgame-HDRP\Library\PackageCache\com.unity.visualscripting@1.7.7\Editor\VisualScripting.Core\Dependencies\YamlDotNet\Unity.VisualScripting.YamlDotNet.dll
Symbol file LoadedFromMemory doesn't match image D:\Projects\Horrorgame-HDRP\Library\PackageCache\com.unity.visualscripting@1.7.7\Editor\VisualScripting.Core\Dependencies\DotNetZip\Unity.VisualScripting.IonicZip.dll
Native extension for WindowsStandalone target not found
Refreshing native plugins compatible for Editor in 159.22 ms, found 2 plugins.
Preloading 0 native plugins for Editor in 0.00 ms.
Mono: successfully reloaded assembly
- Completed reload, in  1.573 seconds
Domain Reload Profiling:
	ReloadAssembly (1574ms)
		BeginReloadAssembly (124ms)
			ExecutionOrderSort (0ms)
			DisableScriptedObjects (5ms)
			BackupInstance (0ms)
			ReleaseScriptingObjects (1ms)
			CreateAndSetChildDomain (20ms)
		EndReloadAssembly (1342ms)
			LoadAssemblies (112ms)
			RebuildTransferFunctionScriptingTraits (0ms)
			SetupTypeCache (347ms)
				TypeCache.Initialize (331ms)
					TypeCache.ScanAssembly (325ms)
				ResolveRequiredComponents (16ms)
			ReleaseScriptCaches (1ms)
			RebuildScriptCaches (91ms)
			SetupLoadedEditorAssemblies (753ms)
				LogAssemblyErrors (0ms)
				InitializePlatformSupportModulesInManaged (3ms)
				SetLoadedEditorAssemblies (5ms)
				RefreshPlugins (159ms)
				BeforeProcessingInitializeOnLoad (119ms)
				ProcessInitializeOnLoadAttributes (317ms)
				ProcessInitializeOnLoadMethodAttributes (148ms)
				AfterProcessingInitializeOnLoad (2ms)
				EditorAssembliesLoaded (0ms)
			ExecutionOrderSort2 (0ms)
			AwakeInstancesAfterBackupRestoration (8ms)
Platform modules already initialized, skipping
========================================================================
Worker process is ready to serve import requests
Launched and connected shader compiler UnityShaderCompiler.exe after 0.09 seconds
Refreshing native plugins compatible for Editor in 1.30 ms, found 2 plugins.
Preloading 0 native plugins for Editor in 0.00 ms.
Unloading 5981 Unused Serialized files (Serialized files now loaded: 0)
Unloading 48 unused Assets / (3.5 MB). Loaded Objects now: 6447.
Memory consumption went from 1.11 GB to 1.11 GB.
Total: 5.849500 ms (FindLiveObjects: 1.038600 ms CreateObjectMapping: 0.869800 ms MarkObjects: 2.830600 ms  DeleteObjects: 1.109200 ms)

AssetImportParameters requested are different than current active one (requested -> active):
  custom:video-decoder-ogg-theora: a1e56fd34408186e4bbccfd4996cb3dc -> 
  custom:container-muxer-webm: aa71ff27fc2769a1b78a27578f13a17b -> 
  custom:container-demuxer-webm: 4f35f7cbe854078d1ac9338744f61a02 -> 
  custom:video-encoder-webm-vp8: eb34c28f22e8b96e1ab97ce403110664 -> 
  custom:audio-encoder-webm-vorbis: bf7c407c2cedff20999df2af8eb42d56 -> 
  custom:framework-win-MediaFoundation: 216162199b28c13a410421893ffa2e32 -> 
  custom:container-demuxer-ogg: 62fdf1f143b41e24485cea50d1cbac27 -> 
  custom:video-decoder-webm-vp8: 9c59270c3fd7afecdb556c50c9e8de78 -> 
  custom:audio-decoder-ogg-vorbis: bf7c407c2cedff20999df2af8eb42d56 -> 
========================================================================
Received Import Request.
  Time since last request: 1185423.375795 seconds.
  path: Assets/PostProcessing/Lens Flare Samples/SampleScene/VolumeProfiles/BlackSky.asset
  artifactKey: Guid(d2ce6935cce3f3b478e2108d0df1c48e) Importer(815301076,1909f56bfc062723c751e8b465ee728b)
Start importing Assets/PostProcessing/Lens Flare Samples/SampleScene/VolumeProfiles/BlackSky.asset using Guid(d2ce6935cce3f3b478e2108d0df1c48e) Importer(815301076,1909f56bfc062723c751e8b465ee728b)  -> (artifact id: '2f87312da2a65bfefcc544e0ea45dde7') in 0.043610 seconds 
========================================================================
Received Import Request.
  Time since last request: 0.000037 seconds.
  path: Assets/PostProcessing/Lens Flare Samples/SampleScene/VolumeProfiles/SkyandFogSettingsProfile.asset
  artifactKey: Guid(621d000f3cc3e774ea8675637c871a5b) Importer(815301076,1909f56bfc062723c751e8b465ee728b)
Start importing Assets/PostProcessing/Lens Flare Samples/SampleScene/VolumeProfiles/SkyandFogSettingsProfile.asset using Guid(621d000f3cc3e774ea8675637c871a5b) Importer(815301076,1909f56bfc062723c751e8b465ee728b)  -> (artifact id: '418bf0daee8240b48c89c96a1b494b30') in 0.016041 seconds 
========================================================================
Received Prepare
Registering precompiled user dll's ...
Registered in 0.005414 seconds.
Begin MonoManager ReloadAssembly
Symbol file LoadedFromMemory doesn't match image D:\Projects\Horrorgame-HDRP\Library\PackageCache\com.unity.visualscripting@1.7.7\Editor\VisualScripting.Core\Dependencies\YamlDotNet\Unity.VisualScripting.YamlDotNet.dll
Symbol file LoadedFromMemory doesn't match image D:\Projects\Horrorgame-HDRP\Library\PackageCache\com.unity.visualscripting@1.7.7\Editor\VisualScripting.Core\Dependencies\DotNetZip\Unity.VisualScripting.IonicZip.dll
Native extension for WindowsStandalone target not found
Refreshing native plugins compatible for Editor in 1.58 ms, found 2 plugins.
Preloading 0 native plugins for Editor in 0.00 ms.
Mono: successfully reloaded assembly
- Completed reload, in  1.116 seconds
Domain Reload Profiling:
	ReloadAssembly (1117ms)
		BeginReloadAssembly (140ms)
			ExecutionOrderSort (0ms)
			DisableScriptedObjects (5ms)
			BackupInstance (0ms)
			ReleaseScriptingObjects (0ms)
			CreateAndSetChildDomain (37ms)
		EndReloadAssembly (868ms)
			LoadAssemblies (101ms)
			RebuildTransferFunctionScriptingTraits (0ms)
			SetupTypeCache (312ms)
				TypeCache.Initialize (300ms)
					TypeCache.ScanAssembly (294ms)
				ResolveRequiredComponents (13ms)
			ReleaseScriptCaches (2ms)
			RebuildScriptCaches (58ms)
			SetupLoadedEditorAssemblies (322ms)
				LogAssemblyErrors (0ms)
				InitializePlatformSupportModulesInManaged (9ms)
				SetLoadedEditorAssemblies (5ms)
				RefreshPlugins (2ms)
				BeforeProcessingInitializeOnLoad (75ms)
				ProcessInitializeOnLoadAttributes (203ms)
				ProcessInitializeOnLoadMethodAttributes (26ms)
				AfterProcessingInitializeOnLoad (2ms)
				EditorAssembliesLoaded (0ms)
			ExecutionOrderSort2 (0ms)
			AwakeInstancesAfterBackupRestoration (12ms)
Platform modules already initialized, skipping
Refreshing native plugins compatible for Editor in 2.89 ms, found 2 plugins.
Preloading 0 native plugins for Editor in 0.00 ms.
Unloading 5594 Unused Serialized files (Serialized files now loaded: 0)
Unloading 41 unused Assets / (3.5 MB). Loaded Objects now: 6451.
Memory consumption went from 1.04 GB to 1.04 GB.
Total: 3.897100 ms (FindLiveObjects: 0.515500 ms CreateObjectMapping: 0.397800 ms MarkObjects: 2.416300 ms  DeleteObjects: 0.566600 ms)

AssetImportParameters requested are different than current active one (requested -> active):
  custom:video-decoder-ogg-theora: a1e56fd34408186e4bbccfd4996cb3dc -> 
  custom:container-muxer-webm: aa71ff27fc2769a1b78a27578f13a17b -> 
  custom:container-demuxer-webm: 4f35f7cbe854078d1ac9338744f61a02 -> 
  custom:video-encoder-webm-vp8: eb34c28f22e8b96e1ab97ce403110664 -> 
  custom:audio-encoder-webm-vorbis: bf7c407c2cedff20999df2af8eb42d56 -> 
  custom:framework-win-MediaFoundation: 216162199b28c13a410421893ffa2e32 -> 
  custom:container-demuxer-ogg: 62fdf1f143b41e24485cea50d1cbac27 -> 
  custom:video-decoder-webm-vp8: 9c59270c3fd7afecdb556c50c9e8de78 -> 
  custom:audio-decoder-ogg-vorbis: bf7c407c2cedff20999df2af8eb42d56 -> 
========================================================================
Received Import Request.
  Time since last request: 1159.875191 seconds.
  path: Assets/Images/Highlight/Gradient Bottom.png
  artifactKey: Guid(0d2e29cba4df87941bd838d2d878f097) Importer(815301076,1909f56bfc062723c751e8b465ee728b)
Start importing Assets/Images/Highlight/Gradient Bottom.png using Guid(0d2e29cba4df87941bd838d2d878f097) Importer(815301076,1909f56bfc062723c751e8b465ee728b)  -> (artifact id: '5fe46f76181c01c9ff2a188528ff3e93') in 0.133804 seconds 
========================================================================
Received Import Request.
  Time since last request: 0.000029 seconds.
  path: Assets/Imported/NatureManufacture Assets/Mountain Environment/Foliage and Grass/Models/grass_01_2.fbx
  artifactKey: Guid(a11994b27a0f286478a5c4b9f3f9c46f) Importer(815301076,1909f56bfc062723c751e8b465ee728b)
Start importing Assets/Imported/NatureManufacture Assets/Mountain Environment/Foliage and Grass/Models/grass_01_2.fbx using Guid(a11994b27a0f286478a5c4b9f3f9c46f) Importer(815301076,1909f56bfc062723c751e8b465ee728b)  -> (artifact id: '4a5b1b456d4923e099adc3bb349aca1f') in 1.737774 seconds 
========================================================================
Received Import Request.
  Time since last request: 0.000054 seconds.
  path: Assets/Imported/NatureManufacture Assets/Mountain Environment/Foliage and Grass/Models/grass_01_1.fbx
  artifactKey: Guid(aa37caac64f58f346b3a5f2183ba7761) Importer(815301076,1909f56bfc062723c751e8b465ee728b)
Start importing Assets/Imported/NatureManufacture Assets/Mountain Environment/Foliage and Grass/Models/grass_01_1.fbx using Guid(aa37caac64f58f346b3a5f2183ba7761) Importer(815301076,1909f56bfc062723c751e8b465ee728b)  -> (artifact id: 'b1635151051eff36f0b49458ecfb59a9') in 0.048524 seconds 
========================================================================
Received Import Request.
  Time since last request: 6.971682 seconds.
  path: Assets/Imported/NatureManufacture Assets/Mountain Environment/Pine_trees/Prefabs/Prefab_Forest_pine_plant_00_B.prefab
  artifactKey: Guid(ed6bb8d4ed952fb4e82e0580c9eba023) Importer(815301076,1909f56bfc062723c751e8b465ee728b)
Start importing Assets/Imported/NatureManufacture Assets/Mountain Environment/Pine_trees/Prefabs/Prefab_Forest_pine_plant_00_B.prefab using Guid(ed6bb8d4ed952fb4e82e0580c9eba023) Importer(815301076,1909f56bfc062723c751e8b465ee728b)  -> (artifact id: 'ba1f022856a40ce0c53b15ad3b0c2731') in 0.541720 seconds 
========================================================================
Received Import Request.
  Time since last request: 0.000035 seconds.
  path: Assets/Imported/NatureManufacture Assets/Mountain Environment/Pine_trees/Prefabs/Prefab_Forest_pine_tree_00_D.prefab
  artifactKey: Guid(5960d62009404044ebf475d05b259108) Importer(815301076,1909f56bfc062723c751e8b465ee728b)
Start importing Assets/Imported/NatureManufacture Assets/Mountain Environment/Pine_trees/Prefabs/Prefab_Forest_pine_tree_00_D.prefab using Guid(5960d62009404044ebf475d05b259108) Importer(815301076,1909f56bfc062723c751e8b465ee728b)  -> (artifact id: '2617bbf1e4344911b9e8ee2db8534444') in 0.421275 seconds 
========================================================================
Received Import Request.
  Time since last request: 0.000049 seconds.
  path: Assets/Imported/NatureManufacture Assets/Mountain Environment/Pine_trees/Prefabs/Prefab_Forest_pine_plant_04.prefab
  artifactKey: Guid(13cfc43c634531f478235b0600cf6984) Importer(815301076,1909f56bfc062723c751e8b465ee728b)
Start importing Assets/Imported/NatureManufacture Assets/Mountain Environment/Pine_trees/Prefabs/Prefab_Forest_pine_plant_04.prefab using Guid(13cfc43c634531f478235b0600cf6984) Importer(815301076,1909f56bfc062723c751e8b465ee728b)  -> (artifact id: '08c634f7f12068366d18dc343afd9e47') in 0.112516 seconds 
========================================================================
Received Import Request.
  Time since last request: 0.000033 seconds.
  path: Assets/Imported/NatureManufacture Assets/Mountain Environment/Pine_trees/Prefabs/Prefab_Forest_pine_plant_02.prefab
  artifactKey: Guid(b515a13190702264985a66652178393a) Importer(815301076,1909f56bfc062723c751e8b465ee728b)
Start importing Assets/Imported/NatureManufacture Assets/Mountain Environment/Pine_trees/Prefabs/Prefab_Forest_pine_plant_02.prefab using Guid(b515a13190702264985a66652178393a) Importer(815301076,1909f56bfc062723c751e8b465ee728b)  -> (artifact id: '0607f4b1f23cf6df16e30eae673a697a') in 0.133926 seconds 
========================================================================
Received Import Request.
  Time since last request: 0.000055 seconds.
  path: Assets/Imported/NatureManufacture Assets/Mountain Environment/Pine_trees/Prefabs/Prefab_Forest_pine_06.prefab
  artifactKey: Guid(a9720aded241f854fb097e68c03fd4f6) Importer(815301076,1909f56bfc062723c751e8b465ee728b)
Start importing Assets/Imported/NatureManufacture Assets/Mountain Environment/Pine_trees/Prefabs/Prefab_Forest_pine_06.prefab using Guid(a9720aded241f854fb097e68c03fd4f6) Importer(815301076,1909f56bfc062723c751e8b465ee728b)  -> (artifact id: '429fe69e7bf062939aa90113d9fdb590') in 0.211889 seconds 
========================================================================
Received Import Request.
  Time since last request: 0.000052 seconds.
  path: Assets/Imported/NatureManufacture Assets/Mountain Environment/Pine_trees/Prefabs/Prefab_Forest_pine_03.prefab
  artifactKey: Guid(ae0389b3310d4e34bbea4a8db790599d) Importer(815301076,1909f56bfc062723c751e8b465ee728b)
Start importing Assets/Imported/NatureManufacture Assets/Mountain Environment/Pine_trees/Prefabs/Prefab_Forest_pine_03.prefab using Guid(ae0389b3310d4e34bbea4a8db790599d) Importer(815301076,1909f56bfc062723c751e8b465ee728b)  -> (artifact id: '371897a80281041a0f65c98842d254bf') in 0.209354 seconds 
========================================================================
Received Import Request.
  Time since last request: 0.000103 seconds.
  path: Assets/Imported/NatureManufacture Assets/Mountain Environment/Pine_trees/Prefabs/Prefab_Forest_pine_tree_00_B.prefab
  artifactKey: Guid(d3c6acd094560b747a862db168cabbd7) Importer(815301076,1909f56bfc062723c751e8b465ee728b)
Start importing Assets/Imported/NatureManufacture Assets/Mountain Environment/Pine_trees/Prefabs/Prefab_Forest_pine_tree_00_B.prefab using Guid(d3c6acd094560b747a862db168cabbd7) Importer(815301076,1909f56bfc062723c751e8b465ee728b)  -> (artifact id: '77c2cb12397150935b165ff91e54b7a0') in 0.155479 seconds 
========================================================================
Received Import Request.
  Time since last request: 0.000056 seconds.
  path: Assets/Imported/NatureManufacture Assets/Mountain Environment/Pine_trees/Prefabs/Prefab_Forest_pine_07.prefab
  artifactKey: Guid(89f40da396e5fb04d9e94a2b8db6933a) Importer(815301076,1909f56bfc062723c751e8b465ee728b)
Start importing Assets/Imported/NatureManufacture Assets/Mountain Environment/Pine_trees/Prefabs/Prefab_Forest_pine_07.prefab using Guid(89f40da396e5fb04d9e94a2b8db6933a) Importer(815301076,1909f56bfc062723c751e8b465ee728b)  -> (artifact id: 'b54365c3b90d83445215fd7e6454cd24') in 0.213763 seconds 
========================================================================
Received Import Request.
  Time since last request: 0.000042 seconds.
  path: Assets/Imported/NatureManufacture Assets/Mountain Environment/Bushes/Prefabs/Prefab_hazel_00_bush.prefab
  artifactKey: Guid(96f8108f92d6ecf458c1668ed951074c) Importer(815301076,1909f56bfc062723c751e8b465ee728b)
Start importing Assets/Imported/NatureManufacture Assets/Mountain Environment/Bushes/Prefabs/Prefab_hazel_00_bush.prefab using Guid(96f8108f92d6ecf458c1668ed951074c) Importer(815301076,1909f56bfc062723c751e8b465ee728b)  -> (artifact id: '3fc23dacf628c2763cbe6ee64cb14ba3') in 0.032829 seconds 
========================================================================
Received Import Request.
  Time since last request: 0.000037 seconds.
  path: Assets/Imported/NatureManufacture Assets/Mountain Environment/Pine_trees/Prefabs/Prefab_Forest_pine_09.prefab
  artifactKey: Guid(bd46ccbe8fee8864098008c81815028b) Importer(815301076,1909f56bfc062723c751e8b465ee728b)
Start importing Assets/Imported/NatureManufacture Assets/Mountain Environment/Pine_trees/Prefabs/Prefab_Forest_pine_09.prefab using Guid(bd46ccbe8fee8864098008c81815028b) Importer(815301076,1909f56bfc062723c751e8b465ee728b)  -> (artifact id: '08d6b492b53f67b8cd035fd5302c7f8f') in 0.215674 seconds 
========================================================================
Received Import Request.
  Time since last request: 0.000043 seconds.
  path: Assets/Imported/NatureManufacture Assets/Mountain Environment/Pine_trees/Prefabs/Prefab_Forest_pine_01.prefab
  artifactKey: Guid(8d75bb48ec181294d9c16ba981022b5a) Importer(815301076,1909f56bfc062723c751e8b465ee728b)
Start importing Assets/Imported/NatureManufacture Assets/Mountain Environment/Pine_trees/Prefabs/Prefab_Forest_pine_01.prefab using Guid(8d75bb48ec181294d9c16ba981022b5a) Importer(815301076,1909f56bfc062723c751e8b465ee728b)  -> (artifact id: 'df2862796bbf2c53ff1bb7b7241e3e91') in 0.138360 seconds 
========================================================================
Received Import Request.
  Time since last request: 0.000055 seconds.
  path: Assets/Imported/NatureManufacture Assets/Mountain Environment/Pine_trees/Prefabs/Prefab_Forest_pine_05.prefab
  artifactKey: Guid(ecac8844c6fb9d742891c0dc5b60179b) Importer(815301076,1909f56bfc062723c751e8b465ee728b)
Start importing Assets/Imported/NatureManufacture Assets/Mountain Environment/Pine_trees/Prefabs/Prefab_Forest_pine_05.prefab using Guid(ecac8844c6fb9d742891c0dc5b60179b) Importer(815301076,1909f56bfc062723c751e8b465ee728b)  -> (artifact id: 'db69c52a3b0895036e09131d69d945a2') in 0.212615 seconds 
========================================================================
Received Import Request.
  Time since last request: 18.121279 seconds.
  path: Assets/Imported/NatureManufacture Assets/Mountain Environment/Foliage and Grass/Unity Terrain Prefabs/Prefab_grass_01_2_Unity_Terrain.prefab
  artifactKey: Guid(7024a3f87a968cc44bf4d9f45fea8cfc) Importer(815301076,1909f56bfc062723c751e8b465ee728b)
Start importing Assets/Imported/NatureManufacture Assets/Mountain Environment/Foliage and Grass/Unity Terrain Prefabs/Prefab_grass_01_2_Unity_Terrain.prefab using Guid(7024a3f87a968cc44bf4d9f45fea8cfc) Importer(815301076,1909f56bfc062723c751e8b465ee728b)  -> (artifact id: 'af1f0d2bb26b8944496afa98354cf837') in 0.132334 seconds 
========================================================================
Received Import Request.
  Time since last request: 0.000039 seconds.
  path: Assets/Imported/NatureManufacture Assets/Mountain Environment/Foliage and Grass/Unity Terrain Prefabs/Prefab_lingonberry_01_Unity_Terrain.prefab
  artifactKey: Guid(4a7d788d756b9704285ae63f4b199829) Importer(815301076,1909f56bfc062723c751e8b465ee728b)
Start importing Assets/Imported/NatureManufacture Assets/Mountain Environment/Foliage and Grass/Unity Terrain Prefabs/Prefab_lingonberry_01_Unity_Terrain.prefab using Guid(4a7d788d756b9704285ae63f4b199829) Importer(815301076,1909f56bfc062723c751e8b465ee728b)  -> (artifact id: '4848c9534b7fc3d063946f296f1785d6') in 0.083087 seconds 
========================================================================
Received Import Request.
  Time since last request: 0.000035 seconds.
  path: Assets/Imported/NatureManufacture Assets/Mountain Environment/Foliage and Grass/Unity Terrain Prefabs/Prefab_grass_03_C_2_Unity_Terrain.prefab
  artifactKey: Guid(e2c448eed8b4e254f9cfdd03f8d6bdf1) Importer(815301076,1909f56bfc062723c751e8b465ee728b)
Start importing Assets/Imported/NatureManufacture Assets/Mountain Environment/Foliage and Grass/Unity Terrain Prefabs/Prefab_grass_03_C_2_Unity_Terrain.prefab using Guid(e2c448eed8b4e254f9cfdd03f8d6bdf1) Importer(815301076,1909f56bfc062723c751e8b465ee728b)  -> (artifact id: '6831e031d7e40babdc612650616670f3') in 0.059988 seconds 
========================================================================
Received Import Request.
  Time since last request: 0.000036 seconds.
  path: Assets/Imported/NatureManufacture Assets/Mountain Environment/Foliage and Grass/Unity Terrain Prefabs/Prefab_billberry_03_Unity_Terrain.prefab
  artifactKey: Guid(0da7e5ef753e48a478578154ed52485b) Importer(815301076,1909f56bfc062723c751e8b465ee728b)
Start importing Assets/Imported/NatureManufacture Assets/Mountain Environment/Foliage and Grass/Unity Terrain Prefabs/Prefab_billberry_03_Unity_Terrain.prefab using Guid(0da7e5ef753e48a478578154ed52485b) Importer(815301076,1909f56bfc062723c751e8b465ee728b)  -> (artifact id: '66cdda0dc6a4349a7de04c0f267e91af') in 0.041068 seconds 
========================================================================
Received Import Request.
  Time since last request: 0.000031 seconds.
  path: Assets/Imported/NatureManufacture Assets/Mountain Environment/Foliage and Grass/Unity Terrain Prefabs/Prefab_grass_02_C_1_Unity_Terrain.prefab
  artifactKey: Guid(d6e143da89441804cb65406ddf372a1d) Importer(815301076,1909f56bfc062723c751e8b465ee728b)
Start importing Assets/Imported/NatureManufacture Assets/Mountain Environment/Foliage and Grass/Unity Terrain Prefabs/Prefab_grass_02_C_1_Unity_Terrain.prefab using Guid(d6e143da89441804cb65406ddf372a1d) Importer(815301076,1909f56bfc062723c751e8b465ee728b)  -> (artifact id: 'b17c7080532e49d5b1f3fb87145a3b00') in 0.046776 seconds 
========================================================================
Received Import Request.
  Time since last request: 0.000103 seconds.
  path: Assets/Imported/NatureManufacture Assets/Mountain Environment/Foliage and Grass/Unity Terrain Prefabs/Prefab_grass_02_A_5_Unity_Terrain.prefab
  artifactKey: Guid(8b2ef60ce77eb734090f2305a65c20b7) Importer(815301076,1909f56bfc062723c751e8b465ee728b)
Start importing Assets/Imported/NatureManufacture Assets/Mountain Environment/Foliage and Grass/Unity Terrain Prefabs/Prefab_grass_02_A_5_Unity_Terrain.prefab using Guid(8b2ef60ce77eb734090f2305a65c20b7) Importer(815301076,1909f56bfc062723c751e8b465ee728b)  -> (artifact id: '5341b919c80ff30f48e4a75d7f173191') in 0.051694 seconds 
========================================================================
Received Import Request.
  Time since last request: 0.000043 seconds.
  path: Assets/Imported/NatureManufacture Assets/Mountain Environment/Foliage and Grass/Unity Terrain Prefabs/Prefab_lingonberry_03_Unity_Terrain.prefab
  artifactKey: Guid(4f0237ad815b3d349a311e396b34b1de) Importer(815301076,1909f56bfc062723c751e8b465ee728b)
Start importing Assets/Imported/NatureManufacture Assets/Mountain Environment/Foliage and Grass/Unity Terrain Prefabs/Prefab_lingonberry_03_Unity_Terrain.prefab using Guid(4f0237ad815b3d349a311e396b34b1de) Importer(815301076,1909f56bfc062723c751e8b465ee728b)  -> (artifact id: '054d99166d40d2ac911447d3467ce7c4') in 0.033658 seconds 
========================================================================
Received Import Request.
  Time since last request: 0.000048 seconds.
  path: Assets/Imported/NatureManufacture Assets/Mountain Environment/Foliage and Grass/Unity Terrain Prefabs/Prefab_billberry_dry_03_Unity_Terrain.prefab
  artifactKey: Guid(c9733f9cc48962c4e8d98a875a008b1b) Importer(815301076,1909f56bfc062723c751e8b465ee728b)
Start importing Assets/Imported/NatureManufacture Assets/Mountain Environment/Foliage and Grass/Unity Terrain Prefabs/Prefab_billberry_dry_03_Unity_Terrain.prefab using Guid(c9733f9cc48962c4e8d98a875a008b1b) Importer(815301076,1909f56bfc062723c751e8b465ee728b)  -> (artifact id: '5104143b9f17b5566496ce1dd8298696') in 0.035702 seconds 
========================================================================
Received Import Request.
  Time since last request: 93.954588 seconds.
  path: Assets/Imported/NatureManufacture Assets/Mountain Environment/Foliage and Grass/Models/grass_02_A_1.fbx
  artifactKey: Guid(74f80e926434ecd48850bdd1cbb5cc0a) Importer(815301076,1909f56bfc062723c751e8b465ee728b)
Start importing Assets/Imported/NatureManufacture Assets/Mountain Environment/Foliage and Grass/Models/grass_02_A_1.fbx using Guid(74f80e926434ecd48850bdd1cbb5cc0a) Importer(815301076,1909f56bfc062723c751e8b465ee728b)  -> (artifact id: 'f5c1ec7da01daf82a03fc8788ba7f7a5') in 0.072300 seconds 
========================================================================
Received Import Request.
  Time since last request: 0.000042 seconds.
  path: Assets/Imported/NatureManufacture Assets/Mountain Environment/Foliage and Grass/Models/grass_02_A_2.fbx
  artifactKey: Guid(f8d4021fe3948a940ab522008a22aea5) Importer(815301076,1909f56bfc062723c751e8b465ee728b)
Start importing Assets/Imported/NatureManufacture Assets/Mountain Environment/Foliage and Grass/Models/grass_02_A_2.fbx using Guid(f8d4021fe3948a940ab522008a22aea5) Importer(815301076,1909f56bfc062723c751e8b465ee728b)  -> (artifact id: 'bb1634569b7a348178d69810c39298a3') in 0.075749 seconds 
========================================================================
Received Import Request.
  Time since last request: 14.529887 seconds.
  path: Assets/Imported/NatureManufacture Assets/Mountain Environment/Foliage and Grass/Models/grass_02_B_3.fbx
  artifactKey: Guid(51c2427b82708724580566f9bd5b39d9) Importer(815301076,1909f56bfc062723c751e8b465ee728b)
Start importing Assets/Imported/NatureManufacture Assets/Mountain Environment/Foliage and Grass/Models/grass_02_B_3.fbx using Guid(51c2427b82708724580566f9bd5b39d9) Importer(815301076,1909f56bfc062723c751e8b465ee728b)  -> (artifact id: '891a6482a94c19f96ff343b299b2699c') in 0.037988 seconds 
========================================================================
Received Import Request.
  Time since last request: 0.939681 seconds.
  path: Assets/Imported/NatureManufacture Assets/Mountain Environment/Foliage and Grass/Models/grass_02_C_2.fbx
  artifactKey: Guid(d6206a15b12b9dc4b9ada945f17b6cea) Importer(815301076,1909f56bfc062723c751e8b465ee728b)
Start importing Assets/Imported/NatureManufacture Assets/Mountain Environment/Foliage and Grass/Models/grass_02_C_2.fbx using Guid(d6206a15b12b9dc4b9ada945f17b6cea) Importer(815301076,1909f56bfc062723c751e8b465ee728b)  -> (artifact id: 'c740d4d6de496673e5769a79692c9b89') in 0.037786 seconds 
========================================================================
Received Import Request.
  Time since last request: 0.389531 seconds.
  path: Assets/Imported/NatureManufacture Assets/Mountain Environment/Foliage and Grass/Models/grass_03_A_2.fbx
  artifactKey: Guid(b2be2c70fb5832849b30572baaab2bfc) Importer(815301076,1909f56bfc062723c751e8b465ee728b)
Start importing Assets/Imported/NatureManufacture Assets/Mountain Environment/Foliage and Grass/Models/grass_03_A_2.fbx using Guid(b2be2c70fb5832849b30572baaab2bfc) Importer(815301076,1909f56bfc062723c751e8b465ee728b)  -> (artifact id: 'c262692fadceceef4b8ba031eb67c2d2') in 0.059204 seconds 
========================================================================
Received Import Request.
  Time since last request: 0.993459 seconds.
  path: Assets/Imported/NatureManufacture Assets/Mountain Environment/Foliage and Grass/Models/grass_03_C_2.fbx
  artifactKey: Guid(473955eb011cade40a724b8533fc11ef) Importer(815301076,1909f56bfc062723c751e8b465ee728b)
Start importing Assets/Imported/NatureManufacture Assets/Mountain Environment/Foliage and Grass/Models/grass_03_C_2.fbx using Guid(473955eb011cade40a724b8533fc11ef) Importer(815301076,1909f56bfc062723c751e8b465ee728b)  -> (artifact id: '4388ac8d966a2f3dd31aee06c0aa6cf8') in 0.051418 seconds 
