Using pre-set license
Built from '2022.1/staging' branch; Version is '2022.1.0b16 (098023fe5c31) revision 622627'; Using compiler version '192829333'; Build Type 'Release'
OS: 'Windows 11  (10.0.22000) 64bit Professional' Language: 'de' Physical Memory: 16301 MB
BatchMode: 1, IsHumanControllingUs: 0, StartBugReporterOnCrash: 0, Is64bit: 1, IsPro: 1

COMMAND LINE ARGUMENTS:
D:\Unity\Unity Hub\2022.1.0b16\Editor\Unity.exe
-adb2
-batchMode
-noUpm
-name
AssetImportWorker0
-projectPath
D:/Projects/Horrorgame-HDRP
-logFile
Logs/AssetImportWorker0.log
-srvPort
54510
Successfully changed project path to: D:/Projects/Horrorgame-HDRP
D:/Projects/Horrorgame-HDRP
[UnityMemory] Configuration Parameters - Can be set up in boot.config
    "memorysetup-bucket-allocator-granularity=16"
    "memorysetup-bucket-allocator-bucket-count=8"
    "memorysetup-bucket-allocator-block-size=33554432"
    "memorysetup-bucket-allocator-block-count=8"
    "memorysetup-main-allocator-block-size=16777216"
    "memorysetup-thread-allocator-block-size=16777216"
    "memorysetup-gfx-main-allocator-block-size=16777216"
    "memorysetup-gfx-thread-allocator-block-size=16777216"
    "memorysetup-cache-allocator-block-size=4194304"
    "memorysetup-typetree-allocator-block-size=2097152"
    "memorysetup-profiler-bucket-allocator-granularity=16"
    "memorysetup-profiler-bucket-allocator-bucket-count=8"
    "memorysetup-profiler-bucket-allocator-block-size=33554432"
    "memorysetup-profiler-bucket-allocator-block-count=8"
    "memorysetup-profiler-allocator-block-size=16777216"
    "memorysetup-profiler-editor-allocator-block-size=1048576"
    "memorysetup-temp-allocator-size-main=16777216"
    "memorysetup-job-temp-allocator-block-size=2097152"
    "memorysetup-job-temp-allocator-block-size-background=1048576"
    "memorysetup-job-temp-allocator-reduction-small-platforms=262144"
    "memorysetup-temp-allocator-size-background-worker=32768"
    "memorysetup-temp-allocator-size-job-worker=262144"
    "memorysetup-temp-allocator-size-preload-manager=33554432"
    "memorysetup-temp-allocator-size-nav-mesh-worker=65536"
    "memorysetup-temp-allocator-size-audio-worker=65536"
    "memorysetup-temp-allocator-size-cloud-worker=32768"
    "memorysetup-temp-allocator-size-gi-baking-worker=262144"
    "memorysetup-temp-allocator-size-gfx=262144"
Refreshing native plugins compatible for Editor in 583.74 ms, found 2 plugins.
Preloading 0 native plugins for Editor in 0.00 ms.
Initialize engine version: 2022.1.0b16 (098023fe5c31)
[Subsystems] Discovering subsystems at path D:/Unity/Unity Hub/2022.1.0b16/Editor/Data/Resources/UnitySubsystems
[Subsystems] Discovering subsystems at path D:/Projects/Horrorgame-HDRP/Assets
GfxDevice: creating device client; threaded=0; jobified=0
Direct3D:
    Version:  Direct3D 11.0 [level 11.1]
    Renderer: NVIDIA GeForce RTX 3070 (ID=0x2488)
    Vendor:   NVIDIA
    VRAM:     8043 MB
    Driver:   30.0.15.1215
Initialize mono
Mono path[0] = 'D:/Unity/Unity Hub/2022.1.0b16/Editor/Data/Managed'
Mono path[1] = 'D:/Unity/Unity Hub/2022.1.0b16/Editor/Data/MonoBleedingEdge/lib/mono/unityjit-win32'
Mono config path = 'D:/Unity/Unity Hub/2022.1.0b16/Editor/Data/MonoBleedingEdge/etc'
Using monoOptions --debugger-agent=transport=dt_socket,embedding=1,server=y,suspend=n,address=127.0.0.1:56172
Begin MonoManager ReloadAssembly
Registering precompiled unity dll's ...
Register platform support module: D:/Unity/Unity Hub/2022.1.0b16/Editor/Data/PlaybackEngines/WindowsStandaloneSupport/UnityEditor.WindowsStandalone.Extensions.dll
Registered in 0.002652 seconds.
Native extension for WindowsStandalone target not found
Refreshing native plugins compatible for Editor in 165.90 ms, found 2 plugins.
Preloading 0 native plugins for Editor in 0.00 ms.
Mono: successfully reloaded assembly
- Completed reload, in  0.953 seconds
Domain Reload Profiling:
	ReloadAssembly (954ms)
		BeginReloadAssembly (182ms)
			ExecutionOrderSort (0ms)
			DisableScriptedObjects (0ms)
			BackupInstance (0ms)
			ReleaseScriptingObjects (0ms)
			CreateAndSetChildDomain (1ms)
		EndReloadAssembly (636ms)
			LoadAssemblies (181ms)
			RebuildTransferFunctionScriptingTraits (1ms)
			SetupTypeCache (159ms)
				TypeCache.Initialize (158ms)
					TypeCache.ScanAssembly (157ms)
				ResolveRequiredComponents (0ms)
			ReleaseScriptCaches (0ms)
			RebuildScriptCaches (30ms)
			SetupLoadedEditorAssemblies (358ms)
				LogAssemblyErrors (0ms)
				InitializePlatformSupportModulesInManaged (6ms)
				SetLoadedEditorAssemblies (7ms)
				RefreshPlugins (166ms)
				BeforeProcessingInitializeOnLoad (1ms)
				ProcessInitializeOnLoadAttributes (131ms)
				ProcessInitializeOnLoadMethodAttributes (47ms)
				AfterProcessingInitializeOnLoad (0ms)
				EditorAssembliesLoaded (0ms)
			ExecutionOrderSort2 (0ms)
			AwakeInstancesAfterBackupRestoration (0ms)
Platform modules already initialized, skipping
Registering precompiled user dll's ...
Registered in 0.016540 seconds.
Begin MonoManager ReloadAssembly
Symbol file LoadedFromMemory doesn't match image D:\Projects\Horrorgame-HDRP\Library\PackageCache\com.unity.visualscripting@1.7.7\Editor\VisualScripting.Core\Dependencies\YamlDotNet\Unity.VisualScripting.YamlDotNet.dll
Symbol file LoadedFromMemory doesn't match image D:\Projects\Horrorgame-HDRP\Library\PackageCache\com.unity.visualscripting@1.7.7\Editor\VisualScripting.Core\Dependencies\DotNetZip\Unity.VisualScripting.IonicZip.dll
Native extension for WindowsStandalone target not found
Refreshing native plugins compatible for Editor in 152.30 ms, found 2 plugins.
Preloading 0 native plugins for Editor in 0.00 ms.
Mono: successfully reloaded assembly
- Completed reload, in  1.768 seconds
Domain Reload Profiling:
	ReloadAssembly (1769ms)
		BeginReloadAssembly (119ms)
			ExecutionOrderSort (0ms)
			DisableScriptedObjects (5ms)
			BackupInstance (0ms)
			ReleaseScriptingObjects (0ms)
			CreateAndSetChildDomain (20ms)
		EndReloadAssembly (1536ms)
			LoadAssemblies (225ms)
			RebuildTransferFunctionScriptingTraits (0ms)
			SetupTypeCache (319ms)
				TypeCache.Initialize (305ms)
					TypeCache.ScanAssembly (300ms)
				ResolveRequiredComponents (15ms)
			ReleaseScriptCaches (1ms)
			RebuildScriptCaches (90ms)
			SetupLoadedEditorAssemblies (853ms)
				LogAssemblyErrors (0ms)
				InitializePlatformSupportModulesInManaged (3ms)
				SetLoadedEditorAssemblies (5ms)
				RefreshPlugins (152ms)
				BeforeProcessingInitializeOnLoad (113ms)
				ProcessInitializeOnLoadAttributes (328ms)
				ProcessInitializeOnLoadMethodAttributes (250ms)
				AfterProcessingInitializeOnLoad (2ms)
				EditorAssembliesLoaded (0ms)
			ExecutionOrderSort2 (0ms)
			AwakeInstancesAfterBackupRestoration (7ms)
Platform modules already initialized, skipping
========================================================================
Worker process is ready to serve import requests
Launched and connected shader compiler UnityShaderCompiler.exe after 0.08 seconds
Refreshing native plugins compatible for Editor in 2.63 ms, found 2 plugins.
Preloading 0 native plugins for Editor in 0.00 ms.
Unloading 5983 Unused Serialized files (Serialized files now loaded: 0)
Unloading 48 unused Assets / (3.5 MB). Loaded Objects now: 6459.
Memory consumption went from 1.14 GB to 1.14 GB.
Total: 7.021300 ms (FindLiveObjects: 1.814400 ms CreateObjectMapping: 1.350400 ms MarkObjects: 3.074400 ms  DeleteObjects: 0.780500 ms)

AssetImportParameters requested are different than current active one (requested -> active):
  custom:video-decoder-ogg-theora: a1e56fd34408186e4bbccfd4996cb3dc -> 
  custom:container-muxer-webm: aa71ff27fc2769a1b78a27578f13a17b -> 
  custom:container-demuxer-webm: 4f35f7cbe854078d1ac9338744f61a02 -> 
  custom:video-encoder-webm-vp8: eb34c28f22e8b96e1ab97ce403110664 -> 
  custom:audio-encoder-webm-vorbis: bf7c407c2cedff20999df2af8eb42d56 -> 
  custom:framework-win-MediaFoundation: 216162199b28c13a410421893ffa2e32 -> 
  custom:container-demuxer-ogg: 62fdf1f143b41e24485cea50d1cbac27 -> 
  custom:video-decoder-webm-vp8: 9c59270c3fd7afecdb556c50c9e8de78 -> 
  custom:audio-decoder-ogg-vorbis: bf7c407c2cedff20999df2af8eb42d56 -> 
========================================================================
Received Import Request.
  Time since last request: 1258623.895364 seconds.
  path: Assets/Images/Highlight/Square Shadow.png
  artifactKey: Guid(ca22fc8f818131040b7a34d2faf2b203) Importer(815301076,1909f56bfc062723c751e8b465ee728b)
Start importing Assets/Images/Highlight/Square Shadow.png using Guid(ca22fc8f818131040b7a34d2faf2b203) Importer(815301076,1909f56bfc062723c751e8b465ee728b)  -> (artifact id: '615f097d2ee563038a9b484794b7c89a') in 0.121605 seconds 
========================================================================
Received Import Request.
  Time since last request: 0.000019 seconds.
  path: Assets/Images/Border/Rounded/Rounded Outline - Stroke 20px.png
  artifactKey: Guid(dcbffc956c3007348a9d59e752d2d7ef) Importer(815301076,1909f56bfc062723c751e8b465ee728b)
Start importing Assets/Images/Border/Rounded/Rounded Outline - Stroke 20px.png using Guid(dcbffc956c3007348a9d59e752d2d7ef) Importer(815301076,1909f56bfc062723c751e8b465ee728b)  -> (artifact id: '7524f129055a94518361dfe7cee6470d') in 0.056954 seconds 
========================================================================
Received Import Request.
  Time since last request: 0.000022 seconds.
  path: Assets/Images/Highlight/Shiny Move.png
  artifactKey: Guid(73a62cf56a46110498ff6359b0d95ab4) Importer(815301076,1909f56bfc062723c751e8b465ee728b)
Start importing Assets/Images/Highlight/Shiny Move.png using Guid(73a62cf56a46110498ff6359b0d95ab4) Importer(815301076,1909f56bfc062723c751e8b465ee728b)  -> (artifact id: '59a6d98e7476b63b5b9fced339e69502') in 0.058287 seconds 
========================================================================
Received Import Request.
  Time since last request: 43.283997 seconds.
  path: Assets/Images/Brush Stroke/Avatar.png
  artifactKey: Guid(62ecc4969f4b6eb40b4ec737a8f40cef) Importer(815301076,1909f56bfc062723c751e8b465ee728b)
Start importing Assets/Images/Brush Stroke/Avatar.png using Guid(62ecc4969f4b6eb40b4ec737a8f40cef) Importer(815301076,1909f56bfc062723c751e8b465ee728b)  -> (artifact id: '8abccc42ce8a081ff21cb26fb9a45900') in 0.028162 seconds 
========================================================================
Received Import Request.
  Time since last request: 1.673797 seconds.
  path: Assets/Images/Brush Stroke/LevelNumber.png
  artifactKey: Guid(44034c34644cab74f83de56d11bd14c3) Importer(815301076,1909f56bfc062723c751e8b465ee728b)
Start importing Assets/Images/Brush Stroke/LevelNumber.png using Guid(44034c34644cab74f83de56d11bd14c3) Importer(815301076,1909f56bfc062723c751e8b465ee728b)  -> (artifact id: 'b59bae3aecc6791e87b0c76701b2196d') in 0.011103 seconds 
========================================================================
Received Import Request.
  Time since last request: 39.618204 seconds.
  path: Assets/Images/Brush Stroke/Avatar.png
  artifactKey: Guid(62ecc4969f4b6eb40b4ec737a8f40cef) Importer(815301076,1909f56bfc062723c751e8b465ee728b)
Start importing Assets/Images/Brush Stroke/Avatar.png using Guid(62ecc4969f4b6eb40b4ec737a8f40cef) Importer(815301076,1909f56bfc062723c751e8b465ee728b)  -> (artifact id: 'ac5e6af8d499ee436aef6a2558d87a5e') in 0.087847 seconds 
========================================================================
Received Import Request.
  Time since last request: 8.913144 seconds.
  path: Assets/Images/Brush Stroke/LevelNumber.png
  artifactKey: Guid(44034c34644cab74f83de56d11bd14c3) Importer(815301076,1909f56bfc062723c751e8b465ee728b)
Start importing Assets/Images/Brush Stroke/LevelNumber.png using Guid(44034c34644cab74f83de56d11bd14c3) Importer(815301076,1909f56bfc062723c751e8b465ee728b)  -> (artifact id: 'd06155ba7ed37a9b36b0d5a086a24e84') in 0.034534 seconds 
========================================================================
Received Import Request.
  Time since last request: 1071.306552 seconds.
  path: Assets/Images/Border/Cut/Cut Frame Filled Big (300ppu).png
  artifactKey: Guid(fe5c69cb52e569a40b68fc63f7fb5fbb) Importer(815301076,1909f56bfc062723c751e8b465ee728b)
Start importing Assets/Images/Border/Cut/Cut Frame Filled Big (300ppu).png using Guid(fe5c69cb52e569a40b68fc63f7fb5fbb) Importer(815301076,1909f56bfc062723c751e8b465ee728b)  -> (artifact id: '0942e31bc10f03948d4d7c41a82dd59f') in 0.037060 seconds 
========================================================================
Received Import Request.
  Time since last request: 0.000089 seconds.
  path: Assets/Images/Border/Cut/Cut Frame Filled Glow Big.png
  artifactKey: Guid(64d33ea30e2bafa4caaee24128fd5d3b) Importer(815301076,1909f56bfc062723c751e8b465ee728b)
Start importing Assets/Images/Border/Cut/Cut Frame Filled Glow Big.png using Guid(64d33ea30e2bafa4caaee24128fd5d3b) Importer(815301076,1909f56bfc062723c751e8b465ee728b)  -> (artifact id: 'efd5a2ba3a5eb48eafe6b154be2edb16') in 0.066546 seconds 
========================================================================
Received Import Request.
  Time since last request: 0.000028 seconds.
  path: Assets/Images/Border/Cut/Cut Frame Filled Glow Big (200ppu).png
  artifactKey: Guid(8404351357df2d04a85f51a4a8fce775) Importer(815301076,1909f56bfc062723c751e8b465ee728b)
Start importing Assets/Images/Border/Cut/Cut Frame Filled Glow Big (200ppu).png using Guid(8404351357df2d04a85f51a4a8fce775) Importer(815301076,1909f56bfc062723c751e8b465ee728b)  -> (artifact id: 'd73c87b9c3cf9d221be87db56e08f4bc') in 0.068934 seconds 
========================================================================
Received Import Request.
  Time since last request: 0.000033 seconds.
  path: Assets/Images/Border/Cut/Cut Frame Glow - 4px.png
  artifactKey: Guid(5e3a9a99fdbac704e8ab0602c0421a81) Importer(815301076,1909f56bfc062723c751e8b465ee728b)
Start importing Assets/Images/Border/Cut/Cut Frame Glow - 4px.png using Guid(5e3a9a99fdbac704e8ab0602c0421a81) Importer(815301076,1909f56bfc062723c751e8b465ee728b)  -> (artifact id: '6700aa36138b3e1c74fc990b8bb96577') in 0.017481 seconds 
========================================================================
Received Import Request.
  Time since last request: 24.171453 seconds.
  path: Assets/Images/Brush Stroke/Brush1.png
  artifactKey: Guid(66ba1005bdf8be04b947e2cc21aa03f9) Importer(815301076,1909f56bfc062723c751e8b465ee728b)
Start importing Assets/Images/Brush Stroke/Brush1.png using Guid(66ba1005bdf8be04b947e2cc21aa03f9) Importer(815301076,1909f56bfc062723c751e8b465ee728b)  -> (artifact id: 'ccc0087628c43103dd11b19178a2b3b8') in 0.012522 seconds 
========================================================================
Received Import Request.
  Time since last request: 18.593432 seconds.
  path: Assets/Images/Brush Stroke/Brush1.png
  artifactKey: Guid(66ba1005bdf8be04b947e2cc21aa03f9) Importer(815301076,1909f56bfc062723c751e8b465ee728b)
Start importing Assets/Images/Brush Stroke/Brush1.png using Guid(66ba1005bdf8be04b947e2cc21aa03f9) Importer(815301076,1909f56bfc062723c751e8b465ee728b)  -> (artifact id: '23d59b493f6b9f47e45c6e240bf85f89') in 0.047861 seconds 
========================================================================
Received Import Request.
  Time since last request: 100.299477 seconds.
  path: Assets/Images/Border/Cut/Cut Frame Filled Big (200ppu).png
  artifactKey: Guid(df57fed132e9eba448cfb8d87788318c) Importer(815301076,1909f56bfc062723c751e8b465ee728b)
Start importing Assets/Images/Border/Cut/Cut Frame Filled Big (200ppu).png using Guid(df57fed132e9eba448cfb8d87788318c) Importer(815301076,1909f56bfc062723c751e8b465ee728b)  -> (artifact id: '0c4e090660fde7fe5e938d01eb70b4ea') in 0.060025 seconds 
========================================================================
Received Import Request.
  Time since last request: 75.861814 seconds.
  path: Assets/Imported/TextMesh Pro/Resources/Fonts & Materials/LiberationSans SDF.asset
  artifactKey: Guid(8f586378b4e144a9851e7b34d9b748ee) Importer(815301076,1909f56bfc062723c751e8b465ee728b)
Start importing Assets/Imported/TextMesh Pro/Resources/Fonts & Materials/LiberationSans SDF.asset using Guid(8f586378b4e144a9851e7b34d9b748ee) Importer(815301076,1909f56bfc062723c751e8b465ee728b)  -> (artifact id: '5447bd2041616f6e8a5f6a4cebe2936e') in 1.148564 seconds 
========================================================================
Received Import Request.
  Time since last request: 0.000028 seconds.
  path: Assets/Fonts/Rajdhani-Regular SDF.asset
  artifactKey: Guid(baf5990ef136e594abc52299c06d9b48) Importer(815301076,1909f56bfc062723c751e8b465ee728b)
Start importing Assets/Fonts/Rajdhani-Regular SDF.asset using Guid(baf5990ef136e594abc52299c06d9b48) Importer(815301076,1909f56bfc062723c751e8b465ee728b)  -> (artifact id: 'b7902a281b7b28e2ec6f293af88464e6') in 0.053705 seconds 
========================================================================
Received Import Request.
  Time since last request: 0.000041 seconds.
  path: Assets/Fonts/Rajdhani-Light SDF.asset
  artifactKey: Guid(501c3584798b7544daed173223ef3afd) Importer(815301076,1909f56bfc062723c751e8b465ee728b)
Start importing Assets/Fonts/Rajdhani-Light SDF.asset using Guid(501c3584798b7544daed173223ef3afd) Importer(815301076,1909f56bfc062723c751e8b465ee728b)  -> (artifact id: '7600c6353819ebe5b3820d1439f55e57') in 0.047469 seconds 
========================================================================
Received Import Request.
  Time since last request: 0.000074 seconds.
  path: Assets/Fonts/Loew-Heavy SDF.asset
  artifactKey: Guid(b7a1b5d32dfb1764aa966aba1880b29d) Importer(815301076,1909f56bfc062723c751e8b465ee728b)
Start importing Assets/Fonts/Loew-Heavy SDF.asset using Guid(b7a1b5d32dfb1764aa966aba1880b29d) Importer(815301076,1909f56bfc062723c751e8b465ee728b)  -> (artifact id: '40b3781136c745ec53ffac9d4ea53ace') in 0.057966 seconds 
========================================================================
Received Import Request.
  Time since last request: 5.776900 seconds.
  path: Assets/Fonts/Rajdhani-SemiBold SDF.asset
  artifactKey: Guid(581c047ed60765249b12f37ff2895497) Importer(815301076,1909f56bfc062723c751e8b465ee728b)
Start importing Assets/Fonts/Rajdhani-SemiBold SDF.asset using Guid(581c047ed60765249b12f37ff2895497) Importer(815301076,1909f56bfc062723c751e8b465ee728b)  -> (artifact id: '64c1b801f4545f12a8198decc4f1554f') in 0.040037 seconds 
========================================================================
Received Import Request.
  Time since last request: 114.430578 seconds.
  path: Assets/Images/Border/Cut/Cut Frame Filled.png
  artifactKey: Guid(dc2366542d8657842a8bf5378c77bee0) Importer(815301076,1909f56bfc062723c751e8b465ee728b)
Start importing Assets/Images/Border/Cut/Cut Frame Filled.png using Guid(dc2366542d8657842a8bf5378c77bee0) Importer(815301076,1909f56bfc062723c751e8b465ee728b)  -> (artifact id: 'dcf2240ea824c553b34756a360dda5a8') in 0.023333 seconds 
========================================================================
Received Prepare
Refreshing native plugins compatible for Editor in 6.73 ms, found 2 plugins.
Preloading 0 native plugins for Editor in 0.00 ms.
Unloading 41 Unused Serialized files (Serialized files now loaded: 0)
Unloading 41 unused Assets / (3.5 MB). Loaded Objects now: 7019.
Memory consumption went from 376.3 MB to 372.9 MB.
Total: 41.425800 ms (FindLiveObjects: 0.865400 ms CreateObjectMapping: 2.867900 ms MarkObjects: 36.996600 ms  DeleteObjects: 0.694200 ms)

AssetImportParameters requested are different than current active one (requested -> active):
  custom:video-decoder-ogg-theora: a1e56fd34408186e4bbccfd4996cb3dc -> 
  custom:container-muxer-webm: aa71ff27fc2769a1b78a27578f13a17b -> 
  custom:container-demuxer-webm: 4f35f7cbe854078d1ac9338744f61a02 -> 
  custom:video-encoder-webm-vp8: eb34c28f22e8b96e1ab97ce403110664 -> 
  custom:audio-encoder-webm-vorbis: bf7c407c2cedff20999df2af8eb42d56 -> 
  custom:framework-win-MediaFoundation: 216162199b28c13a410421893ffa2e32 -> 
  custom:container-demuxer-ogg: 62fdf1f143b41e24485cea50d1cbac27 -> 
  custom:video-decoder-webm-vp8: 9c59270c3fd7afecdb556c50c9e8de78 -> 
  custom:audio-decoder-ogg-vorbis: bf7c407c2cedff20999df2af8eb42d56 -> 
